[0.355s] Invoking command in '/home/leoni/cato/build/navigation_tb3': CMAKE_PREFIX_PATH=${CMAKE_PREFIX_PATH}:/home/leoni/cato/install/lol:/home/leoni/cato/install/lemov:/home/leoni/cato/install/cartographer_ros_msgs:/home/leoni/turtlebot3_ws/install/turtlebot3_teleop:/home/leoni/turtlebot3_ws/install/turtlebot3_example:/opt/ros/humble /usr/bin/cmake /home/leoni/cato/src/navigation_tb3 -DCMAKE_INSTALL_PREFIX=/home/leoni/cato/install/navigation_tb3
[0.400s] -- The C compiler identification is GNU 11.4.0
[0.446s] -- The CXX compiler identification is GNU 11.4.0
[0.453s] -- Detecting C compiler ABI info
[0.505s] -- Detecting C compiler ABI info - done
[0.516s] -- Check for working C compiler: /usr/bin/cc - skipped
[0.516s] -- Detecting C compile features
[0.516s] -- Detecting C compile features - done
[0.519s] -- Detecting CXX compiler ABI info
[0.578s] -- Detecting CXX compiler ABI info - done
[0.584s] -- Check for working CXX compiler: /usr/bin/c++ - skipped
[0.584s] -- Detecting CXX compile features
[0.585s] -- Detecting CXX compile features - done
[0.588s] -- Found ament_cmake: 1.3.11 (/opt/ros/humble/share/ament_cmake/cmake)
[0.744s] -- Found Python3: /usr/bin/python3 (found version "3.10.12") found components: Interpreter 
[1.030s] -- Found rclcpp: 16.0.12 (/opt/ros/humble/share/rclcpp/cmake)
[1.207s] -- Found rosidl_generator_c: 3.1.6 (/opt/ros/humble/share/rosidl_generator_c/cmake)
[1.220s] -- Found rosidl_adapter: 3.1.6 (/opt/ros/humble/share/rosidl_adapter/cmake)
[1.238s] -- Found rosidl_generator_cpp: 3.1.6 (/opt/ros/humble/share/rosidl_generator_cpp/cmake)
[1.263s] -- Using all available rosidl_typesupport_c: rosidl_typesupport_fastrtps_c;rosidl_typesupport_introspection_c
[1.300s] -- Using all available rosidl_typesupport_cpp: rosidl_typesupport_fastrtps_cpp;rosidl_typesupport_introspection_cpp
[1.398s] -- Found rmw_implementation_cmake: 6.1.2 (/opt/ros/humble/share/rmw_implementation_cmake/cmake)
[1.406s] -- Found rmw_fastrtps_cpp: 6.2.7 (/opt/ros/humble/share/rmw_fastrtps_cpp/cmake)
[1.581s] -- Found OpenSSL: /usr/lib/x86_64-linux-gnu/libcrypto.so (found version "3.0.2")  
[1.685s] -- Found FastRTPS: /opt/ros/humble/include  
[1.800s] -- Using RMW implementation 'rmw_fastrtps_cpp' as default
[1.843s] -- Looking for pthread.h
[2.032s] -- Looking for pthread.h - found
[2.033s] -- Performing Test CMAKE_HAVE_LIBC_PTHREAD
[2.230s] -- Performing Test CMAKE_HAVE_LIBC_PTHREAD - Success
[2.232s] -- Found Threads: TRUE  
[2.370s] -- Found nav_msgs: 4.8.0 (/opt/ros/humble/share/nav_msgs/cmake)
[2.423s] -- Found rclpy: 3.3.16 (/opt/ros/humble/share/rclpy/cmake)
[2.730s] -- Configuring done
[2.761s] -- Generating done
[2.780s] -- Build files have been written to: /home/leoni/cato/build/navigation_tb3
[2.818s] Invoked command in '/home/leoni/cato/build/navigation_tb3' returned '0': CMAKE_PREFIX_PATH=${CMAKE_PREFIX_PATH}:/home/leoni/cato/install/lol:/home/leoni/cato/install/lemov:/home/leoni/cato/install/cartographer_ros_msgs:/home/leoni/turtlebot3_ws/install/turtlebot3_teleop:/home/leoni/turtlebot3_ws/install/turtlebot3_example:/opt/ros/humble /usr/bin/cmake /home/leoni/cato/src/navigation_tb3 -DCMAKE_INSTALL_PREFIX=/home/leoni/cato/install/navigation_tb3
[2.819s] Invoking command in '/home/leoni/cato/build/navigation_tb3': CMAKE_PREFIX_PATH=${CMAKE_PREFIX_PATH}:/home/leoni/cato/install/lol:/home/leoni/cato/install/lemov:/home/leoni/cato/install/cartographer_ros_msgs:/home/leoni/turtlebot3_ws/install/turtlebot3_teleop:/home/leoni/turtlebot3_ws/install/turtlebot3_example:/opt/ros/humble /usr/bin/cmake --build /home/leoni/cato/build/navigation_tb3 -- -j16 -l16
[2.968s] [ 50%] [32mBuilding CXX object CMakeFiles/pub_occupancy_grid.dir/src/pub_occupancy_grid.cpp.o[0m
[2.994s] [ 50%] Built target ament_cmake_python_copy_navigation_tb3
[3.457s] running egg_info
[3.458s] creating navigation_tb3.egg-info
[3.464s] writing navigation_tb3.egg-info/PKG-INFO
[3.464s] writing dependency_links to navigation_tb3.egg-info/dependency_links.txt
[3.464s] writing top-level names to navigation_tb3.egg-info/top_level.txt
[3.464s] writing manifest file 'navigation_tb3.egg-info/SOURCES.txt'
[3.466s] reading manifest file 'navigation_tb3.egg-info/SOURCES.txt'
[3.467s] writing manifest file 'navigation_tb3.egg-info/SOURCES.txt'
[3.546s] [ 50%] Built target ament_cmake_python_build_navigation_tb3_egg
[9.118s] [100%] [32m[1mLinking CXX executable pub_occupancy_grid[0m
[9.498s] [100%] Built target pub_occupancy_grid
[9.518s] Invoked command in '/home/leoni/cato/build/navigation_tb3' returned '0': CMAKE_PREFIX_PATH=${CMAKE_PREFIX_PATH}:/home/leoni/cato/install/lol:/home/leoni/cato/install/lemov:/home/leoni/cato/install/cartographer_ros_msgs:/home/leoni/turtlebot3_ws/install/turtlebot3_teleop:/home/leoni/turtlebot3_ws/install/turtlebot3_example:/opt/ros/humble /usr/bin/cmake --build /home/leoni/cato/build/navigation_tb3 -- -j16 -l16
[9.519s] Invoking command in '/home/leoni/cato/build/navigation_tb3': CMAKE_PREFIX_PATH=${CMAKE_PREFIX_PATH}:/home/leoni/cato/install/lol:/home/leoni/cato/install/lemov:/home/leoni/cato/install/cartographer_ros_msgs:/home/leoni/turtlebot3_ws/install/turtlebot3_teleop:/home/leoni/turtlebot3_ws/install/turtlebot3_example:/opt/ros/humble /usr/bin/cmake --install /home/leoni/cato/build/navigation_tb3
[9.530s] -- Install configuration: ""
[9.530s] -- Installing: /home/leoni/cato/install/navigation_tb3/lib/navigation_tb3/pub_occupancy_grid
[9.532s] -- Set runtime path of "/home/leoni/cato/install/navigation_tb3/lib/navigation_tb3/pub_occupancy_grid" to ""
[9.532s] -- Installing: /home/leoni/cato/install/navigation_tb3/share/navigation_tb3/launch
[9.532s] -- Installing: /home/leoni/cato/install/navigation_tb3/share/navigation_tb3/launch/mapping.launch.py
[9.532s] -- Installing: /home/leoni/cato/install/navigation_tb3/share/navigation_tb3/launch/navigation.launch.py
[9.532s] -- Installing: /home/leoni/cato/install/navigation_tb3/share/navigation_tb3/launch/move_robot.py
[9.532s] -- Installing: /home/leoni/cato/install/navigation_tb3/share/navigation_tb3/config
[9.533s] -- Installing: /home/leoni/cato/install/navigation_tb3/share/navigation_tb3/config/map2.pgm
[9.533s] -- Installing: /home/leoni/cato/install/navigation_tb3/share/navigation_tb3/config/navigation.rviz
[9.533s] -- Installing: /home/leoni/cato/install/navigation_tb3/share/navigation_tb3/config/rosbostito.lua
[9.533s] -- Installing: /home/leoni/cato/install/navigation_tb3/share/navigation_tb3/config/tb3_map.pgm
[9.534s] -- Installing: /home/leoni/cato/install/navigation_tb3/share/navigation_tb3/config/cuarto.yaml
[9.534s] -- Installing: /home/leoni/cato/install/navigation_tb3/share/navigation_tb3/config/mapping.rviz
[9.535s] -- Installing: /home/leoni/cato/install/navigation_tb3/share/navigation_tb3/config/mapCasa3.yaml
[9.535s] -- Installing: /home/leoni/cato/install/navigation_tb3/share/navigation_tb3/config/mapCasa3.pgm
[9.535s] -- Installing: /home/leoni/cato/install/navigation_tb3/share/navigation_tb3/config/tb3_nav2_params.yaml
[9.535s] -- Installing: /home/leoni/cato/install/navigation_tb3/share/navigation_tb3/config/turtlebot3_lds_2d.lua
[9.535s] -- Installing: /home/leoni/cato/install/navigation_tb3/share/navigation_tb3/config/map2.yaml
[9.535s] -- Installing: /home/leoni/cato/install/navigation_tb3/share/navigation_tb3/config/cuarto.pgm
[9.535s] -- Installing: /home/leoni/cato/install/navigation_tb3/share/navigation_tb3/config/pioneer.lua
[9.535s] -- Installing: /home/leoni/cato/install/navigation_tb3/share/navigation_tb3/config/visualize.rviz
[9.535s] -- Installing: /home/leoni/cato/install/navigation_tb3/share/navigation_tb3/config/mappingV2.rviz
[9.535s] -- Installing: /home/leoni/cato/install/navigation_tb3/share/navigation_tb3/config/tb3_map.yaml
[9.535s] -- Installing: /home/leoni/cato/install/navigation_tb3/share/navigation_tb3/environment/pythonpath.sh
[9.536s] -- Installing: /home/leoni/cato/install/navigation_tb3/share/navigation_tb3/environment/pythonpath.dsv
[9.536s] -- Installing: /home/leoni/cato/install/navigation_tb3/local/lib/python3.10/dist-packages/navigation_tb3-0.0.0-py3.10.egg-info
[9.536s] -- Installing: /home/leoni/cato/install/navigation_tb3/local/lib/python3.10/dist-packages/navigation_tb3-0.0.0-py3.10.egg-info/SOURCES.txt
[9.536s] -- Installing: /home/leoni/cato/install/navigation_tb3/local/lib/python3.10/dist-packages/navigation_tb3-0.0.0-py3.10.egg-info/PKG-INFO
[9.536s] -- Installing: /home/leoni/cato/install/navigation_tb3/local/lib/python3.10/dist-packages/navigation_tb3-0.0.0-py3.10.egg-info/dependency_links.txt
[9.536s] -- Installing: /home/leoni/cato/install/navigation_tb3/local/lib/python3.10/dist-packages/navigation_tb3-0.0.0-py3.10.egg-info/top_level.txt
[9.536s] -- Installing: /home/leoni/cato/install/navigation_tb3/local/lib/python3.10/dist-packages/navigation_tb3
[9.536s] -- Installing: /home/leoni/cato/install/navigation_tb3/local/lib/python3.10/dist-packages/navigation_tb3/__init__.py
[9.596s] Listing '/home/leoni/cato/install/navigation_tb3/local/lib/python3.10/dist-packages/navigation_tb3'...
[9.596s] Compiling '/home/leoni/cato/install/navigation_tb3/local/lib/python3.10/dist-packages/navigation_tb3/__init__.py'...
[9.610s] -- Installing: /home/leoni/cato/install/navigation_tb3/lib/navigation_tb3/single_goal_nav.py
[9.610s] -- Installing: /home/leoni/cato/install/navigation_tb3/lib/navigation_tb3/multi_waypoints.py
[9.610s] -- Installing: /home/leoni/cato/install/navigation_tb3/share/ament_index/resource_index/package_run_dependencies/navigation_tb3
[9.610s] -- Installing: /home/leoni/cato/install/navigation_tb3/share/ament_index/resource_index/parent_prefix_path/navigation_tb3
[9.610s] -- Installing: /home/leoni/cato/install/navigation_tb3/share/navigation_tb3/environment/ament_prefix_path.sh
[9.610s] -- Installing: /home/leoni/cato/install/navigation_tb3/share/navigation_tb3/environment/ament_prefix_path.dsv
[9.610s] -- Installing: /home/leoni/cato/install/navigation_tb3/share/navigation_tb3/environment/path.sh
[9.611s] -- Installing: /home/leoni/cato/install/navigation_tb3/share/navigation_tb3/environment/path.dsv
[9.611s] -- Installing: /home/leoni/cato/install/navigation_tb3/share/navigation_tb3/local_setup.bash
[9.611s] -- Installing: /home/leoni/cato/install/navigation_tb3/share/navigation_tb3/local_setup.sh
[9.611s] -- Installing: /home/leoni/cato/install/navigation_tb3/share/navigation_tb3/local_setup.zsh
[9.611s] -- Installing: /home/leoni/cato/install/navigation_tb3/share/navigation_tb3/local_setup.dsv
[9.611s] -- Installing: /home/leoni/cato/install/navigation_tb3/share/navigation_tb3/package.dsv
[9.611s] -- Installing: /home/leoni/cato/install/navigation_tb3/share/ament_index/resource_index/packages/navigation_tb3
[9.611s] -- Installing: /home/leoni/cato/install/navigation_tb3/share/navigation_tb3/cmake/navigation_tb3Config.cmake
[9.611s] -- Installing: /home/leoni/cato/install/navigation_tb3/share/navigation_tb3/cmake/navigation_tb3Config-version.cmake
[9.611s] -- Installing: /home/leoni/cato/install/navigation_tb3/share/navigation_tb3/package.xml
[9.612s] Invoked command in '/home/leoni/cato/build/navigation_tb3' returned '0': CMAKE_PREFIX_PATH=${CMAKE_PREFIX_PATH}:/home/leoni/cato/install/lol:/home/leoni/cato/install/lemov:/home/leoni/cato/install/cartographer_ros_msgs:/home/leoni/turtlebot3_ws/install/turtlebot3_teleop:/home/leoni/turtlebot3_ws/install/turtlebot3_example:/opt/ros/humble /usr/bin/cmake --install /home/leoni/cato/build/navigation_tb3
