[0.648s] Invoking command in '/home/leoni/cato/src/lemov': PYTHONPATH=/home/leoni/cato/build/lemov/prefix_override:/usr/lib/python3/dist-packages/colcon_core/task/python/colcon_distutils_commands:/home/leoni/cato/install/lemov/lib/python3.10/site-packages:${PYTHONPATH} /usr/bin/python3 -W ignore:setup.py install is deprecated -W ignore:easy_install command is deprecated setup.py egg_info --egg-base ../../build/lemov build --build-base /home/leoni/cato/build/lemov/build install --record /home/leoni/cato/build/lemov/install.log --single-version-externally-managed install_data
[0.813s] running egg_info
[0.814s] writing ../../build/lemov/lemov.egg-info/PKG-INFO
[0.814s] writing dependency_links to ../../build/lemov/lemov.egg-info/dependency_links.txt
[0.814s] writing entry points to ../../build/lemov/lemov.egg-info/entry_points.txt
[0.814s] writing requirements to ../../build/lemov/lemov.egg-info/requires.txt
[0.814s] writing top-level names to ../../build/lemov/lemov.egg-info/top_level.txt
[0.815s] reading manifest file '../../build/lemov/lemov.egg-info/SOURCES.txt'
[0.816s] writing manifest file '../../build/lemov/lemov.egg-info/SOURCES.txt'
[0.816s] running build
[0.816s] running build_py
[0.816s] running install
[0.816s] running install_lib
[0.817s] running install_data
[0.817s] running install_egg_info
[0.818s] removing '/home/leoni/cato/install/lemov/lib/python3.10/site-packages/lemov-0.0.0-py3.10.egg-info' (and everything under it)
[0.818s] Copying ../../build/lemov/lemov.egg-info to /home/leoni/cato/install/lemov/lib/python3.10/site-packages/lemov-0.0.0-py3.10.egg-info
[0.819s] running install_scripts
[0.832s] Installing move script to /home/leoni/cato/install/lemov/lib/lemov
[0.832s] Installing movisen script to /home/leoni/cato/install/lemov/lib/lemov
[0.832s] Installing sensori script to /home/leoni/cato/install/lemov/lib/lemov
[0.832s] writing list of installed files to '/home/leoni/cato/build/lemov/install.log'
[0.849s] Invoked command in '/home/leoni/cato/src/lemov' returned '0': PYTHONPATH=/home/leoni/cato/build/lemov/prefix_override:/usr/lib/python3/dist-packages/colcon_core/task/python/colcon_distutils_commands:/home/leoni/cato/install/lemov/lib/python3.10/site-packages:${PYTHONPATH} /usr/bin/python3 -W ignore:setup.py install is deprecated -W ignore:easy_install command is deprecated setup.py egg_info --egg-base ../../build/lemov build --build-base /home/leoni/cato/build/lemov/build install --record /home/leoni/cato/build/lemov/install.log --single-version-externally-managed install_data
