[0.773s] Invoking command in '/home/leoni/cato/src/lemov': PYTHONPATH=/home/leoni/cato/build/lemov/prefix_override:/usr/lib/python3/dist-packages/colcon_core/task/python/colcon_distutils_commands:/home/leoni/cato/install/lemov/lib/python3.10/site-packages:${PYTHONPATH} /usr/bin/python3 -W ignore:setup.py install is deprecated -W ignore:easy_install command is deprecated setup.py egg_info --egg-base ../../build/lemov build --build-base /home/leoni/cato/build/lemov/build install --record /home/leoni/cato/build/lemov/install.log --single-version-externally-managed install_data
[0.981s] running egg_info
[0.982s] writing ../../build/lemov/lemov.egg-info/PKG-INFO
[0.982s] writing dependency_links to ../../build/lemov/lemov.egg-info/dependency_links.txt
[0.982s] writing entry points to ../../build/lemov/lemov.egg-info/entry_points.txt
[0.982s] writing requirements to ../../build/lemov/lemov.egg-info/requires.txt
[0.982s] writing top-level names to ../../build/lemov/lemov.egg-info/top_level.txt
[0.983s] reading manifest file '../../build/lemov/lemov.egg-info/SOURCES.txt'
[0.984s] writing manifest file '../../build/lemov/lemov.egg-info/SOURCES.txt'
[0.984s] running build
[0.984s] running build_py
[0.984s] copying lemov/movisen.py -> /home/leoni/cato/build/lemov/build/lib/lemov
[0.984s] running install
[0.984s] running install_lib
[0.985s] copying /home/leoni/cato/build/lemov/build/lib/lemov/movisen.py -> /home/leoni/cato/install/lemov/lib/python3.10/site-packages/lemov
[0.985s] byte-compiling /home/leoni/cato/install/lemov/lib/python3.10/site-packages/lemov/movisen.py to movisen.cpython-310.pyc
[0.986s] running install_data
[0.986s] running install_egg_info
[0.987s] removing '/home/leoni/cato/install/lemov/lib/python3.10/site-packages/lemov-0.0.0-py3.10.egg-info' (and everything under it)
[0.987s] Copying ../../build/lemov/lemov.egg-info to /home/leoni/cato/install/lemov/lib/python3.10/site-packages/lemov-0.0.0-py3.10.egg-info
[0.988s] running install_scripts
[1.002s] Installing move script to /home/leoni/cato/install/lemov/lib/lemov
[1.002s] Installing movisen script to /home/leoni/cato/install/lemov/lib/lemov
[1.002s] Installing sensori script to /home/leoni/cato/install/lemov/lib/lemov
[1.002s] writing list of installed files to '/home/leoni/cato/build/lemov/install.log'
[1.025s] Invoked command in '/home/leoni/cato/src/lemov' returned '0': PYTHONPATH=/home/leoni/cato/build/lemov/prefix_override:/usr/lib/python3/dist-packages/colcon_core/task/python/colcon_distutils_commands:/home/leoni/cato/install/lemov/lib/python3.10/site-packages:${PYTHONPATH} /usr/bin/python3 -W ignore:setup.py install is deprecated -W ignore:easy_install command is deprecated setup.py egg_info --egg-base ../../build/lemov build --build-base /home/leoni/cato/build/lemov/build install --record /home/leoni/cato/build/lemov/install.log --single-version-externally-managed install_data
