[0.833s] Invoking command in '/home/leoni/cato/src/lemov': PYTHONPATH=/home/leoni/cato/build/lemov/prefix_override:/usr/lib/python3/dist-packages/colcon_core/task/python/colcon_distutils_commands:/home/leoni/cato/install/lemov/lib/python3.10/site-packages:${PYTHONPATH} /usr/bin/python3 -W ignore:setup.py install is deprecated -W ignore:easy_install command is deprecated setup.py egg_info --egg-base ../../build/lemov build --build-base /home/leoni/cato/build/lemov/build install --record /home/leoni/cato/build/lemov/install.log --single-version-externally-managed install_data
[1.000s] running egg_info
[1.001s] writing ../../build/lemov/lemov.egg-info/PKG-INFO
[1.001s] writing dependency_links to ../../build/lemov/lemov.egg-info/dependency_links.txt
[1.001s] writing entry points to ../../build/lemov/lemov.egg-info/entry_points.txt
[1.001s] writing requirements to ../../build/lemov/lemov.egg-info/requires.txt
[1.001s] writing top-level names to ../../build/lemov/lemov.egg-info/top_level.txt
[1.002s] reading manifest file '../../build/lemov/lemov.egg-info/SOURCES.txt'
[1.003s] writing manifest file '../../build/lemov/lemov.egg-info/SOURCES.txt'
[1.003s] running build
[1.003s] running build_py
[1.003s] copying lemov/movisen.py -> /home/leoni/cato/build/lemov/build/lib/lemov
[1.003s] running install
[1.004s] running install_lib
[1.004s] copying /home/leoni/cato/build/lemov/build/lib/lemov/movisen.py -> /home/leoni/cato/install/lemov/lib/python3.10/site-packages/lemov
[1.005s] byte-compiling /home/leoni/cato/install/lemov/lib/python3.10/site-packages/lemov/movisen.py to movisen.cpython-310.pyc
[1.006s] running install_data
[1.006s] running install_egg_info
[1.007s] removing '/home/leoni/cato/install/lemov/lib/python3.10/site-packages/lemov-0.0.0-py3.10.egg-info' (and everything under it)
[1.007s] Copying ../../build/lemov/lemov.egg-info to /home/leoni/cato/install/lemov/lib/python3.10/site-packages/lemov-0.0.0-py3.10.egg-info
[1.008s] running install_scripts
[1.022s] Installing move script to /home/leoni/cato/install/lemov/lib/lemov
[1.022s] Installing movisen script to /home/leoni/cato/install/lemov/lib/lemov
[1.022s] Installing sensori script to /home/leoni/cato/install/lemov/lib/lemov
[1.022s] writing list of installed files to '/home/leoni/cato/build/lemov/install.log'
[1.037s] Invoked command in '/home/leoni/cato/src/lemov' returned '0': PYTHONPATH=/home/leoni/cato/build/lemov/prefix_override:/usr/lib/python3/dist-packages/colcon_core/task/python/colcon_distutils_commands:/home/leoni/cato/install/lemov/lib/python3.10/site-packages:${PYTHONPATH} /usr/bin/python3 -W ignore:setup.py install is deprecated -W ignore:easy_install command is deprecated setup.py egg_info --egg-base ../../build/lemov build --build-base /home/leoni/cato/build/lemov/build install --record /home/leoni/cato/build/lemov/install.log --single-version-externally-managed install_data
