[0.010s] Invoking command in '/home/leoni/cato/build/cartographer_rviz': CMAKE_PREFIX_PATH=/home/leoni/cato/install/cartographer_ros:/home/leoni/cato/install/cartographer_ros_msgs:/home/leoni/cato/install/stage_ros2:/home/leoni/cato/install/navigation_tb3:/home/leoni/cato/install/cartographer_rviz:/home/leoni/cato/install/Stage:/home/leoni/turtlebot3_ws/install/turtlebot3:/home/leoni/turtlebot3_ws/install/turtlebot3_simulations:/home/leoni/turtlebot3_ws/install/turtlebot3_bringup:/home/leoni/turtlebot3_ws/install/turtlebot3_node:/home/leoni/turtlebot3_ws/install/turtlebot3_navigation2:/home/leoni/turtlebot3_ws/install/turtlebot3_fake_node:/home/leoni/turtlebot3_ws/install/turtlebot3_msgs:/home/leoni/turtlebot3_ws/install/turtlebot3_gazebo:/home/leoni/turtlebot3_ws/install/turtlebot3_description:/home/leoni/turtlebot3_ws/install/turtlebot3_cartographer:/home/leoni/turtlebot3_ws/install/dynamixel_sdk_examples:/home/leoni/turtlebot3_ws/install/dynamixel_sdk_custom_interfaces:/home/leoni/turtlebot3_ws/install/dynamixel_sdk:/home/leoni/stage/install/stage_ros2:/home/leoni/stage/install/Stage:/home/leoni/Desktop/robotica/brazo/install/cubo_urdf:/home/leoni/cato/install/lol:/home/leoni/cato/install/lemov:/home/leoni/turtlebot3_ws/install/turtlebot3_teleop:/home/leoni/turtlebot3_ws/install/turtlebot3_example:/opt/ros/humble LD_LIBRARY_PATH=/home/leoni/cato/install/cartographer_ros_msgs/lib:/home/leoni/cato/install/stage_ros2/lib:/home/leoni/cato/install/cartographer_rviz/lib:/home/leoni/cato/install/cartographer_ros/lib:/home/leoni/cato/install/Stage/lib:/home/leoni/turtlebot3_ws/install/turtlebot3_msgs/lib:/home/leoni/turtlebot3_ws/install/dynamixel_sdk_custom_interfaces/lib:/home/leoni/turtlebot3_ws/install/dynamixel_sdk/lib:/home/leoni/stage/install/stage_ros2/lib:/home/leoni/stage/install/Stage/lib:/usr/lib/x86_64-linux-gnu/gazebo-11/plugins:/opt/ros/humble/opt/rviz_ogre_vendor/lib:/opt/ros/humble/lib/x86_64-linux-gnu:/opt/ros/humble/lib /usr/bin/cmake /home/leoni/cato/src/cartographer_ros/cartographer_rviz -DCMAKE_INSTALL_PREFIX=/home/leoni/cato/install/cartographer_rviz
[0.047s] -- The C compiler identification is GNU 11.4.0
[0.084s] -- The CXX compiler identification is GNU 11.4.0
[0.088s] -- Detecting C compiler ABI info
[0.136s] -- Detecting C compiler ABI info - done
[0.140s] -- Check for working C compiler: /usr/bin/cc - skipped
[0.141s] -- Detecting C compile features
[0.141s] -- Detecting C compile features - done
[0.143s] -- Detecting CXX compiler ABI info
[0.195s] -- Detecting CXX compiler ABI info - done
[0.200s] -- Check for working CXX compiler: /usr/bin/c++ - skipped
[0.200s] -- Detecting CXX compile features
[0.201s] -- Detecting CXX compile features - done
[0.205s] -- Found ament_cmake: 1.3.11 (/opt/ros/humble/share/ament_cmake/cmake)
[0.314s] -- Found Python3: /usr/bin/python3 (found version "3.10.12") found components: Interpreter 
[0.403s] -- Looking for pthread.h
[0.454s] -- Looking for pthread.h - found
[0.454s] -- Performing Test CMAKE_HAVE_LIBC_PTHREAD
[0.503s] -- Performing Test CMAKE_HAVE_LIBC_PTHREAD - Success
[0.503s] -- Found Threads: TRUE  
[0.510s] -- Found required Ceres dependency: Eigen version 3.4.0 in /usr/include/eigen3
[0.516s] -- Found required Ceres dependency: glog
[0.517s] -- Found required Ceres dependency: gflags
[0.517s] -- Found Ceres version: 2.0.0 installed in: /usr with components: [EigenSparse, SparseLinearAlgebraLibrary, LAPACK, SuiteSparse, CXSparse, SchurSpecializations, Multithreading]
[0.526s] -- Build type: Release
[0.530s] Files /home/leoni/cato/build/cartographer_rviz/AllFiles.cmake and - differ
[0.543s] -- Found Boost: /usr/lib/x86_64-linux-gnu/cmake/Boost-1.74.0/BoostConfig.cmake (found version "1.74.0") found components: iostreams 
[0.544s] -- Found cartographer_ros: 2.0.9003 (/home/leoni/cato/install/cartographer_ros/share/cartographer_ros/cmake)
[0.577s] -- Found rosidl_generator_c: 3.1.6 (/opt/ros/humble/share/rosidl_generator_c/cmake)
[0.582s] -- Found rosidl_adapter: 3.1.6 (/opt/ros/humble/share/rosidl_adapter/cmake)
[0.589s] -- Found rosidl_generator_cpp: 3.1.6 (/opt/ros/humble/share/rosidl_generator_cpp/cmake)
[0.600s] -- Using all available rosidl_typesupport_c: rosidl_typesupport_fastrtps_c;rosidl_typesupport_introspection_c
[0.614s] -- Using all available rosidl_typesupport_cpp: rosidl_typesupport_fastrtps_cpp;rosidl_typesupport_introspection_cpp
[0.712s] -- Found rmw_implementation_cmake: 6.1.2 (/opt/ros/humble/share/rmw_implementation_cmake/cmake)
[0.715s] -- Found rmw_fastrtps_cpp: 6.2.7 (/opt/ros/humble/share/rmw_fastrtps_cpp/cmake)
[0.786s] -- Found OpenSSL: /usr/lib/x86_64-linux-gnu/libcrypto.so (found version "3.0.2")  
[0.810s] -- Found FastRTPS: /opt/ros/humble/include  
[0.843s] -- Using RMW implementation 'rmw_fastrtps_cpp' as default
[0.929s] -- Checking for module 'eigen3'
[0.938s] --   Found eigen3, version 3.4.0
[0.959s] -- Found Eigen: /usr/include/eigen3 (Required is at least version "3.1") 
[0.959s] -- Eigen found (include: /usr/include/eigen3, version: 3.4.0)
[0.986s] -- Checking for module 'flann'
[0.995s] --   Found flann, version 1.9.1
[1.021s] -- Found FLANN: /usr/lib/x86_64-linux-gnu/libflann_cpp.so  
[1.021s] -- FLANN found (include: /usr/include, lib: /usr/lib/x86_64-linux-gnu/libflann_cpp.so)
[1.874s] -- Checking for module 'libusb-1.0'
[1.884s] --   Found libusb-1.0, version 1.0.25
[1.908s] -- Found libusb: /usr/lib/x86_64-linux-gnu/libusb-1.0.so  
[1.908s] -- OpenNI found (version: 1.5.4.0, include: /usr/include/ni, lib: /usr/lib/libOpenNI.so;libusb::libusb)
[1.947s] -- OpenNI2 found (version: 2.2.0.33, include: /usr/include/openni2, lib: /usr/lib/x86_64-linux-gnu/libOpenNI2.so;libusb::libusb)
[2.046s] -- Eigen found (include: /usr/include/eigen3, version: 3.4.0)
[2.050s] -- OpenNI found (version: 1.5.4.0, include: /usr/include/ni, lib: /usr/lib/libOpenNI.so;libusb::libusb)
[2.054s] -- OpenNI2 found (version: 2.2.0.33, include: /usr/include/openni2, lib: /usr/lib/x86_64-linux-gnu/libOpenNI2.so;libusb::libusb)
[2.149s] -- Found Qhull version 8.0.2
[2.242s] -- OpenNI found (version: 1.5.4.0, include: /usr/include/ni, lib: /usr/lib/libOpenNI.so;libusb::libusb)
[2.334s] -- Found PCL_COMMON: /usr/lib/x86_64-linux-gnu/libpcl_common.so  
[2.334s] -- Found PCL_KDTREE: /usr/lib/x86_64-linux-gnu/libpcl_kdtree.so  
[2.335s] -- Found PCL_OCTREE: /usr/lib/x86_64-linux-gnu/libpcl_octree.so  
[2.335s] -- Found PCL_SEARCH: /usr/lib/x86_64-linux-gnu/libpcl_search.so  
[2.336s] -- Found PCL_SAMPLE_CONSENSUS: /usr/lib/x86_64-linux-gnu/libpcl_sample_consensus.so  
[2.336s] -- Found PCL_FILTERS: /usr/lib/x86_64-linux-gnu/libpcl_filters.so  
[2.336s] -- Found PCL_2D: /usr/include/pcl-1.12  
[2.336s] -- Found PCL_GEOMETRY: /usr/include/pcl-1.12  
[2.337s] -- Found PCL_IO: /usr/lib/x86_64-linux-gnu/libpcl_io.so  
[2.338s] -- Found PCL_FEATURES: /usr/lib/x86_64-linux-gnu/libpcl_features.so  
[2.338s] -- Found PCL_ML: /usr/lib/x86_64-linux-gnu/libpcl_ml.so  
[2.339s] -- Found PCL_SEGMENTATION: /usr/lib/x86_64-linux-gnu/libpcl_segmentation.so  
[2.340s] -- Found PCL_VISUALIZATION: /usr/lib/x86_64-linux-gnu/libpcl_visualization.so  
[2.340s] -- Found PCL_SURFACE: /usr/lib/x86_64-linux-gnu/libpcl_surface.so  
[2.341s] -- Found PCL_REGISTRATION: /usr/lib/x86_64-linux-gnu/libpcl_registration.so  
[2.341s] -- Found PCL_KEYPOINTS: /usr/lib/x86_64-linux-gnu/libpcl_keypoints.so  
[2.342s] -- Found PCL_TRACKING: /usr/lib/x86_64-linux-gnu/libpcl_tracking.so  
[2.343s] -- Found PCL_RECOGNITION: /usr/lib/x86_64-linux-gnu/libpcl_recognition.so  
[2.343s] -- Found PCL_STEREO: /usr/lib/x86_64-linux-gnu/libpcl_stereo.so  
[2.344s] -- Found PCL_APPS: /usr/lib/x86_64-linux-gnu/libpcl_apps.so  
[2.344s] -- Found PCL_IN_HAND_SCANNER: /usr/include/pcl-1.12  
[2.344s] -- Found PCL_MODELER: /usr/include/pcl-1.12  
[2.345s] -- Found PCL_POINT_CLOUD_EDITOR: /usr/include/pcl-1.12  
[2.345s] -- Found PCL_OUTOFCORE: /usr/lib/x86_64-linux-gnu/libpcl_outofcore.so  
[2.346s] -- Found PCL_PEOPLE: /usr/lib/x86_64-linux-gnu/libpcl_people.so  
[2.496s] -- Found rviz_common: 11.2.16 (/opt/ros/humble/share/rviz_common/cmake)
[2.503s] -- Setting assimp_DIR to: '/opt/ros/humble/share/rviz_assimp_vendor/cmake/../../../opt/rviz_assimp_vendor/lib/cmake/assimp-4.1'
[2.511s] -- Setting OGRE_DIR to: '/opt/ros/humble/share/rviz_ogre_vendor/cmake/../../../opt/rviz_ogre_vendor/lib/OGRE/cmake'
[2.513s] -- Found OGRE
[2.513s] --   static     : OFF
[2.513s] --   components : HLMS;MeshLodGenerator;Overlay;Paging;Property;RTShaderSystem;Terrain;Volume
[2.513s] --   plugins    : Plugin_BSPSceneManager;Plugin_OctreeSceneManager;Plugin_PCZSceneManager;Plugin_ParticleFX;RenderSystem_GL;RenderSystem_GL3Plus;Codec_STBI
[2.513s] --   media      : /opt/ros/humble/opt/rviz_ogre_vendor/share/OGRE/Media
[2.513s] -- OGRE_LIBRARIES: OgreHLMS;OgreMeshLodGenerator;OgreOverlay;OgrePaging;OgreProperty;OgreRTShaderSystem;OgreTerrain;OgreVolume;OgreMain
[2.513s] -- OGRE_LIBRARY_DIRS: /opt/ros/humble/opt/rviz_ogre_vendor/lib
[2.513s] -- OGRE_PLUGINS: Plugin_BSPSceneManager;Plugin_OctreeSceneManager;Plugin_PCZSceneManager;Plugin_ParticleFX;RenderSystem_GL;RenderSystem_GL3Plus;Codec_STBI
[2.513s] -- OGRE_PLUGIN_DIR: /opt/ros/humble/opt/rviz_ogre_vendor/lib/OGRE
[2.513s] -- rviz_ogre_vendor::OgreOverlay for IMPORTED_LOCATION_RELEASE: /opt/ros/humble/opt/rviz_ogre_vendor/lib/libOgreOverlay.so
[2.513s] -- rviz_ogre_vendor::OgreOverlay for IMPORTED_LOCATION_DEBUG: /opt/ros/humble/opt/rviz_ogre_vendor/lib/libOgreOverlay.so
[2.513s] -- rviz_ogre_vendor::OgreMain for IMPORTED_LOCATION_RELEASE: /opt/ros/humble/opt/rviz_ogre_vendor/lib/libOgreMain.so
[2.513s] -- rviz_ogre_vendor::OgreMain for IMPORTED_LOCATION_DEBUG: /opt/ros/humble/opt/rviz_ogre_vendor/lib/libOgreMain.so
[2.518s] -- Found ZLIB: /usr/lib/x86_64-linux-gnu/libz.so (found version "1.2.11") 
[2.519s] -- Found OpenGL: /usr/lib/x86_64-linux-gnu/libOpenGL.so   
[2.536s] -- Found X11: /usr/include   
[2.598s] -- library: /usr/lib/x86_64-linux-gnu/libcurl.so
[2.613s] -- Found Eigen3: TRUE (found version "3.4.0") 
[2.613s] -- Ensuring Eigen3 include directory is part of orocos-kdl CMake target
[2.682s] -- Deploy OGRE media
[2.683s] -- Configuring done
[2.755s] -- Generating done
[2.761s] -- Build files have been written to: /home/leoni/cato/build/cartographer_rviz
[2.776s] Invoked command in '/home/leoni/cato/build/cartographer_rviz' returned '0': CMAKE_PREFIX_PATH=/home/leoni/cato/install/cartographer_ros:/home/leoni/cato/install/cartographer_ros_msgs:/home/leoni/cato/install/stage_ros2:/home/leoni/cato/install/navigation_tb3:/home/leoni/cato/install/cartographer_rviz:/home/leoni/cato/install/Stage:/home/leoni/turtlebot3_ws/install/turtlebot3:/home/leoni/turtlebot3_ws/install/turtlebot3_simulations:/home/leoni/turtlebot3_ws/install/turtlebot3_bringup:/home/leoni/turtlebot3_ws/install/turtlebot3_node:/home/leoni/turtlebot3_ws/install/turtlebot3_navigation2:/home/leoni/turtlebot3_ws/install/turtlebot3_fake_node:/home/leoni/turtlebot3_ws/install/turtlebot3_msgs:/home/leoni/turtlebot3_ws/install/turtlebot3_gazebo:/home/leoni/turtlebot3_ws/install/turtlebot3_description:/home/leoni/turtlebot3_ws/install/turtlebot3_cartographer:/home/leoni/turtlebot3_ws/install/dynamixel_sdk_examples:/home/leoni/turtlebot3_ws/install/dynamixel_sdk_custom_interfaces:/home/leoni/turtlebot3_ws/install/dynamixel_sdk:/home/leoni/stage/install/stage_ros2:/home/leoni/stage/install/Stage:/home/leoni/Desktop/robotica/brazo/install/cubo_urdf:/home/leoni/cato/install/lol:/home/leoni/cato/install/lemov:/home/leoni/turtlebot3_ws/install/turtlebot3_teleop:/home/leoni/turtlebot3_ws/install/turtlebot3_example:/opt/ros/humble LD_LIBRARY_PATH=/home/leoni/cato/install/cartographer_ros_msgs/lib:/home/leoni/cato/install/stage_ros2/lib:/home/leoni/cato/install/cartographer_rviz/lib:/home/leoni/cato/install/cartographer_ros/lib:/home/leoni/cato/install/Stage/lib:/home/leoni/turtlebot3_ws/install/turtlebot3_msgs/lib:/home/leoni/turtlebot3_ws/install/dynamixel_sdk_custom_interfaces/lib:/home/leoni/turtlebot3_ws/install/dynamixel_sdk/lib:/home/leoni/stage/install/stage_ros2/lib:/home/leoni/stage/install/Stage/lib:/usr/lib/x86_64-linux-gnu/gazebo-11/plugins:/opt/ros/humble/opt/rviz_ogre_vendor/lib:/opt/ros/humble/lib/x86_64-linux-gnu:/opt/ros/humble/lib /usr/bin/cmake /home/leoni/cato/src/cartographer_ros/cartographer_rviz -DCMAKE_INSTALL_PREFIX=/home/leoni/cato/install/cartographer_rviz
[2.777s] Invoking command in '/home/leoni/cato/build/cartographer_rviz': CMAKE_PREFIX_PATH=/home/leoni/cato/install/cartographer_ros:/home/leoni/cato/install/cartographer_ros_msgs:/home/leoni/cato/install/stage_ros2:/home/leoni/cato/install/navigation_tb3:/home/leoni/cato/install/cartographer_rviz:/home/leoni/cato/install/Stage:/home/leoni/turtlebot3_ws/install/turtlebot3:/home/leoni/turtlebot3_ws/install/turtlebot3_simulations:/home/leoni/turtlebot3_ws/install/turtlebot3_bringup:/home/leoni/turtlebot3_ws/install/turtlebot3_node:/home/leoni/turtlebot3_ws/install/turtlebot3_navigation2:/home/leoni/turtlebot3_ws/install/turtlebot3_fake_node:/home/leoni/turtlebot3_ws/install/turtlebot3_msgs:/home/leoni/turtlebot3_ws/install/turtlebot3_gazebo:/home/leoni/turtlebot3_ws/install/turtlebot3_description:/home/leoni/turtlebot3_ws/install/turtlebot3_cartographer:/home/leoni/turtlebot3_ws/install/dynamixel_sdk_examples:/home/leoni/turtlebot3_ws/install/dynamixel_sdk_custom_interfaces:/home/leoni/turtlebot3_ws/install/dynamixel_sdk:/home/leoni/stage/install/stage_ros2:/home/leoni/stage/install/Stage:/home/leoni/Desktop/robotica/brazo/install/cubo_urdf:/home/leoni/cato/install/lol:/home/leoni/cato/install/lemov:/home/leoni/turtlebot3_ws/install/turtlebot3_teleop:/home/leoni/turtlebot3_ws/install/turtlebot3_example:/opt/ros/humble LD_LIBRARY_PATH=/home/leoni/cato/install/cartographer_ros_msgs/lib:/home/leoni/cato/install/stage_ros2/lib:/home/leoni/cato/install/cartographer_rviz/lib:/home/leoni/cato/install/cartographer_ros/lib:/home/leoni/cato/install/Stage/lib:/home/leoni/turtlebot3_ws/install/turtlebot3_msgs/lib:/home/leoni/turtlebot3_ws/install/dynamixel_sdk_custom_interfaces/lib:/home/leoni/turtlebot3_ws/install/dynamixel_sdk/lib:/home/leoni/stage/install/stage_ros2/lib:/home/leoni/stage/install/Stage/lib:/usr/lib/x86_64-linux-gnu/gazebo-11/plugins:/opt/ros/humble/opt/rviz_ogre_vendor/lib:/opt/ros/humble/lib/x86_64-linux-gnu:/opt/ros/humble/lib /usr/bin/cmake --build /home/leoni/cato/build/cartographer_rviz -- -j16 -l16
[2.811s] [ 16%] [34m[1mAutomatic MOC for target cartographer_rviz[0m
[2.814s] [ 16%] Built target cartographer_rviz_detect_changes
[4.214s] [ 16%] Built target cartographer_rviz_autogen
[4.229s] [ 50%] [32mBuilding CXX object CMakeFiles/cartographer_rviz.dir/src/drawable_submap.cpp.o[0m
[4.229s] [ 50%] [32mBuilding CXX object CMakeFiles/cartographer_rviz.dir/cartographer_rviz_autogen/mocs_compilation.cpp.o[0m
[4.229s] [ 66%] [32mBuilding CXX object CMakeFiles/cartographer_rviz.dir/src/ogre_slice.cpp.o[0m
[4.229s] [ 83%] [32mBuilding CXX object CMakeFiles/cartographer_rviz.dir/src/submaps_display.cpp.o[0m
[17.221s] [100%] [32m[1mLinking CXX shared library libcartographer_rviz.so[0m
[18.149s] [100%] Built target cartographer_rviz
[18.157s] Invoked command in '/home/leoni/cato/build/cartographer_rviz' returned '0': CMAKE_PREFIX_PATH=/home/leoni/cato/install/cartographer_ros:/home/leoni/cato/install/cartographer_ros_msgs:/home/leoni/cato/install/stage_ros2:/home/leoni/cato/install/navigation_tb3:/home/leoni/cato/install/cartographer_rviz:/home/leoni/cato/install/Stage:/home/leoni/turtlebot3_ws/install/turtlebot3:/home/leoni/turtlebot3_ws/install/turtlebot3_simulations:/home/leoni/turtlebot3_ws/install/turtlebot3_bringup:/home/leoni/turtlebot3_ws/install/turtlebot3_node:/home/leoni/turtlebot3_ws/install/turtlebot3_navigation2:/home/leoni/turtlebot3_ws/install/turtlebot3_fake_node:/home/leoni/turtlebot3_ws/install/turtlebot3_msgs:/home/leoni/turtlebot3_ws/install/turtlebot3_gazebo:/home/leoni/turtlebot3_ws/install/turtlebot3_description:/home/leoni/turtlebot3_ws/install/turtlebot3_cartographer:/home/leoni/turtlebot3_ws/install/dynamixel_sdk_examples:/home/leoni/turtlebot3_ws/install/dynamixel_sdk_custom_interfaces:/home/leoni/turtlebot3_ws/install/dynamixel_sdk:/home/leoni/stage/install/stage_ros2:/home/leoni/stage/install/Stage:/home/leoni/Desktop/robotica/brazo/install/cubo_urdf:/home/leoni/cato/install/lol:/home/leoni/cato/install/lemov:/home/leoni/turtlebot3_ws/install/turtlebot3_teleop:/home/leoni/turtlebot3_ws/install/turtlebot3_example:/opt/ros/humble LD_LIBRARY_PATH=/home/leoni/cato/install/cartographer_ros_msgs/lib:/home/leoni/cato/install/stage_ros2/lib:/home/leoni/cato/install/cartographer_rviz/lib:/home/leoni/cato/install/cartographer_ros/lib:/home/leoni/cato/install/Stage/lib:/home/leoni/turtlebot3_ws/install/turtlebot3_msgs/lib:/home/leoni/turtlebot3_ws/install/dynamixel_sdk_custom_interfaces/lib:/home/leoni/turtlebot3_ws/install/dynamixel_sdk/lib:/home/leoni/stage/install/stage_ros2/lib:/home/leoni/stage/install/Stage/lib:/usr/lib/x86_64-linux-gnu/gazebo-11/plugins:/opt/ros/humble/opt/rviz_ogre_vendor/lib:/opt/ros/humble/lib/x86_64-linux-gnu:/opt/ros/humble/lib /usr/bin/cmake --build /home/leoni/cato/build/cartographer_rviz -- -j16 -l16
[18.158s] Invoking command in '/home/leoni/cato/build/cartographer_rviz': CMAKE_PREFIX_PATH=/home/leoni/cato/install/cartographer_ros:/home/leoni/cato/install/cartographer_ros_msgs:/home/leoni/cato/install/stage_ros2:/home/leoni/cato/install/navigation_tb3:/home/leoni/cato/install/cartographer_rviz:/home/leoni/cato/install/Stage:/home/leoni/turtlebot3_ws/install/turtlebot3:/home/leoni/turtlebot3_ws/install/turtlebot3_simulations:/home/leoni/turtlebot3_ws/install/turtlebot3_bringup:/home/leoni/turtlebot3_ws/install/turtlebot3_node:/home/leoni/turtlebot3_ws/install/turtlebot3_navigation2:/home/leoni/turtlebot3_ws/install/turtlebot3_fake_node:/home/leoni/turtlebot3_ws/install/turtlebot3_msgs:/home/leoni/turtlebot3_ws/install/turtlebot3_gazebo:/home/leoni/turtlebot3_ws/install/turtlebot3_description:/home/leoni/turtlebot3_ws/install/turtlebot3_cartographer:/home/leoni/turtlebot3_ws/install/dynamixel_sdk_examples:/home/leoni/turtlebot3_ws/install/dynamixel_sdk_custom_interfaces:/home/leoni/turtlebot3_ws/install/dynamixel_sdk:/home/leoni/stage/install/stage_ros2:/home/leoni/stage/install/Stage:/home/leoni/Desktop/robotica/brazo/install/cubo_urdf:/home/leoni/cato/install/lol:/home/leoni/cato/install/lemov:/home/leoni/turtlebot3_ws/install/turtlebot3_teleop:/home/leoni/turtlebot3_ws/install/turtlebot3_example:/opt/ros/humble LD_LIBRARY_PATH=/home/leoni/cato/install/cartographer_ros_msgs/lib:/home/leoni/cato/install/stage_ros2/lib:/home/leoni/cato/install/cartographer_rviz/lib:/home/leoni/cato/install/cartographer_ros/lib:/home/leoni/cato/install/Stage/lib:/home/leoni/turtlebot3_ws/install/turtlebot3_msgs/lib:/home/leoni/turtlebot3_ws/install/dynamixel_sdk_custom_interfaces/lib:/home/leoni/turtlebot3_ws/install/dynamixel_sdk/lib:/home/leoni/stage/install/stage_ros2/lib:/home/leoni/stage/install/Stage/lib:/usr/lib/x86_64-linux-gnu/gazebo-11/plugins:/opt/ros/humble/opt/rviz_ogre_vendor/lib:/opt/ros/humble/lib/x86_64-linux-gnu:/opt/ros/humble/lib /usr/bin/cmake --install /home/leoni/cato/build/cartographer_rviz
[18.162s] -- Install configuration: "Release"
[18.162s] -- Installing: /home/leoni/cato/install/cartographer_rviz/share/cartographer_rviz/rviz_plugin_description.xml
[18.163s] -- Installing: /home/leoni/cato/install/cartographer_rviz/lib/libcartographer_rviz.so
[18.165s] -- Set runtime path of "/home/leoni/cato/install/cartographer_rviz/lib/libcartographer_rviz.so" to ""
[18.165s] -- Installing: /home/leoni/cato/install/cartographer_rviz/include/
[18.165s] -- Installing: /home/leoni/cato/install/cartographer_rviz/include//cartographer_rviz
[18.165s] -- Installing: /home/leoni/cato/install/cartographer_rviz/include//cartographer_rviz/ogre_slice.h
[18.165s] -- Installing: /home/leoni/cato/install/cartographer_rviz/include//cartographer_rviz/drawable_submap.h
[18.165s] -- Installing: /home/leoni/cato/install/cartographer_rviz/include//cartographer_rviz/submaps_display.h
[18.166s] -- Installing: /home/leoni/cato/install/cartographer_rviz/share/cartographer_rviz/environment/library_path.sh
[18.166s] -- Installing: /home/leoni/cato/install/cartographer_rviz/share/cartographer_rviz/environment/library_path.dsv
[18.166s] -- Installing: /home/leoni/cato/install/cartographer_rviz/share/ament_index/resource_index/package_run_dependencies/cartographer_rviz
[18.166s] -- Installing: /home/leoni/cato/install/cartographer_rviz/share/ament_index/resource_index/parent_prefix_path/cartographer_rviz
[18.166s] -- Installing: /home/leoni/cato/install/cartographer_rviz/share/cartographer_rviz/environment/ament_prefix_path.sh
[18.166s] -- Installing: /home/leoni/cato/install/cartographer_rviz/share/cartographer_rviz/environment/ament_prefix_path.dsv
[18.166s] -- Installing: /home/leoni/cato/install/cartographer_rviz/share/cartographer_rviz/environment/path.sh
[18.166s] -- Installing: /home/leoni/cato/install/cartographer_rviz/share/cartographer_rviz/environment/path.dsv
[18.166s] -- Installing: /home/leoni/cato/install/cartographer_rviz/share/cartographer_rviz/local_setup.bash
[18.166s] -- Installing: /home/leoni/cato/install/cartographer_rviz/share/cartographer_rviz/local_setup.sh
[18.166s] -- Installing: /home/leoni/cato/install/cartographer_rviz/share/cartographer_rviz/local_setup.zsh
[18.166s] -- Installing: /home/leoni/cato/install/cartographer_rviz/share/cartographer_rviz/local_setup.dsv
[18.166s] -- Installing: /home/leoni/cato/install/cartographer_rviz/share/cartographer_rviz/package.dsv
[18.166s] -- Installing: /home/leoni/cato/install/cartographer_rviz/share/ament_index/resource_index/packages/cartographer_rviz
[18.166s] -- Installing: /home/leoni/cato/install/cartographer_rviz/share/ament_index/resource_index/rviz_common__pluginlib__plugin/cartographer_rviz
[18.166s] -- Installing: /home/leoni/cato/install/cartographer_rviz/share/cartographer_rviz/ogre_media/materials/glsl120
[18.166s] -- Installing: /home/leoni/cato/install/cartographer_rviz/share/cartographer_rviz/ogre_media/materials/glsl120/submap.frag
[18.166s] -- Installing: /home/leoni/cato/install/cartographer_rviz/share/cartographer_rviz/ogre_media/materials/glsl120/glsl120.program
[18.166s] -- Installing: /home/leoni/cato/install/cartographer_rviz/share/cartographer_rviz/ogre_media/materials/glsl120/submap.vert
[18.166s] -- Installing: /home/leoni/cato/install/cartographer_rviz/share/cartographer_rviz/ogre_media/materials/scripts
[18.167s] -- Installing: /home/leoni/cato/install/cartographer_rviz/share/cartographer_rviz/ogre_media/materials/scripts/submap.material
[18.167s] -- Installing: /home/leoni/cato/install/cartographer_rviz/share/ament_index/resource_index/rviz_ogre_media_exports/cartographer_rviz
[18.167s] -- Installing: /home/leoni/cato/install/cartographer_rviz/share/cartographer_rviz/cmake/cartographer_rvizExport.cmake
[18.167s] -- Installing: /home/leoni/cato/install/cartographer_rviz/share/cartographer_rviz/cmake/cartographer_rvizExport-release.cmake
[18.167s] -- Installing: /home/leoni/cato/install/cartographer_rviz/share/cartographer_rviz/cmake/ament_cmake_export_include_directories-extras.cmake
[18.167s] -- Installing: /home/leoni/cato/install/cartographer_rviz/share/cartographer_rviz/cmake/ament_cmake_export_targets-extras.cmake
[18.167s] -- Installing: /home/leoni/cato/install/cartographer_rviz/share/cartographer_rviz/cmake/ament_cmake_export_dependencies-extras.cmake
[18.167s] -- Installing: /home/leoni/cato/install/cartographer_rviz/share/cartographer_rviz/cmake/cartographer_rvizConfig.cmake
[18.167s] -- Installing: /home/leoni/cato/install/cartographer_rviz/share/cartographer_rviz/cmake/cartographer_rvizConfig-version.cmake
[18.167s] -- Installing: /home/leoni/cato/install/cartographer_rviz/share/cartographer_rviz/package.xml
[18.169s] Invoked command in '/home/leoni/cato/build/cartographer_rviz' returned '0': CMAKE_PREFIX_PATH=/home/leoni/cato/install/cartographer_ros:/home/leoni/cato/install/cartographer_ros_msgs:/home/leoni/cato/install/stage_ros2:/home/leoni/cato/install/navigation_tb3:/home/leoni/cato/install/cartographer_rviz:/home/leoni/cato/install/Stage:/home/leoni/turtlebot3_ws/install/turtlebot3:/home/leoni/turtlebot3_ws/install/turtlebot3_simulations:/home/leoni/turtlebot3_ws/install/turtlebot3_bringup:/home/leoni/turtlebot3_ws/install/turtlebot3_node:/home/leoni/turtlebot3_ws/install/turtlebot3_navigation2:/home/leoni/turtlebot3_ws/install/turtlebot3_fake_node:/home/leoni/turtlebot3_ws/install/turtlebot3_msgs:/home/leoni/turtlebot3_ws/install/turtlebot3_gazebo:/home/leoni/turtlebot3_ws/install/turtlebot3_description:/home/leoni/turtlebot3_ws/install/turtlebot3_cartographer:/home/leoni/turtlebot3_ws/install/dynamixel_sdk_examples:/home/leoni/turtlebot3_ws/install/dynamixel_sdk_custom_interfaces:/home/leoni/turtlebot3_ws/install/dynamixel_sdk:/home/leoni/stage/install/stage_ros2:/home/leoni/stage/install/Stage:/home/leoni/Desktop/robotica/brazo/install/cubo_urdf:/home/leoni/cato/install/lol:/home/leoni/cato/install/lemov:/home/leoni/turtlebot3_ws/install/turtlebot3_teleop:/home/leoni/turtlebot3_ws/install/turtlebot3_example:/opt/ros/humble LD_LIBRARY_PATH=/home/leoni/cato/install/cartographer_ros_msgs/lib:/home/leoni/cato/install/stage_ros2/lib:/home/leoni/cato/install/cartographer_rviz/lib:/home/leoni/cato/install/cartographer_ros/lib:/home/leoni/cato/install/Stage/lib:/home/leoni/turtlebot3_ws/install/turtlebot3_msgs/lib:/home/leoni/turtlebot3_ws/install/dynamixel_sdk_custom_interfaces/lib:/home/leoni/turtlebot3_ws/install/dynamixel_sdk/lib:/home/leoni/stage/install/stage_ros2/lib:/home/leoni/stage/install/Stage/lib:/usr/lib/x86_64-linux-gnu/gazebo-11/plugins:/opt/ros/humble/opt/rviz_ogre_vendor/lib:/opt/ros/humble/lib/x86_64-linux-gnu:/opt/ros/humble/lib /usr/bin/cmake --install /home/leoni/cato/build/cartographer_rviz
