[0.352s] Invoking command in '/home/leoni/cato/build/lol': CMAKE_PREFIX_PATH=${CMAKE_PREFIX_PATH}:/home/leoni/cato/install/lol:/home/leoni/cato/install/lemov:/home/leoni/cato/install/cartographer_ros_msgs:/home/leoni/turtlebot3_ws/install/turtlebot3_teleop:/home/leoni/turtlebot3_ws/install/turtlebot3_example:/opt/ros/humble /usr/bin/cmake /home/leoni/cato/src/lol -DCMAKE_INSTALL_PREFIX=/home/leoni/cato/install/lol
[0.393s] -- The C compiler identification is GNU 11.4.0
[0.437s] -- The CXX compiler identification is GNU 11.4.0
[0.443s] -- Detecting C compiler ABI info
[0.492s] -- Detecting C compiler ABI info - done
[0.498s] -- Check for working C compiler: /usr/bin/cc - skipped
[0.498s] -- Detecting C compile features
[0.499s] -- Detecting C compile features - done
[0.501s] -- Detecting CXX compiler ABI info
[0.559s] -- Detecting CXX compiler ABI info - done
[0.564s] -- Check for working CXX compiler: /usr/bin/c++ - skipped
[0.565s] -- Detecting CXX compile features
[0.565s] -- Detecting CXX compile features - done
[0.568s] -- Found ament_cmake: 1.3.11 (/opt/ros/humble/share/ament_cmake/cmake)
[0.698s] -- Found Python3: /usr/bin/python3 (found version "3.10.12") found components: Interpreter 
[0.980s] -- Found ament_lint_auto: 0.12.12 (/opt/ros/humble/share/ament_lint_auto/cmake)
[1.264s] -- Added test 'copyright' to check source files copyright and LICENSE
[1.270s] -- Added test 'flake8' to check Python code syntax and style conventions
[1.271s] -- Added test 'lint_cmake' to check CMake code style
[1.276s] -- Added test 'pep257' to check Python code against some of the docstring style conventions in PEP 257
[1.277s] -- Added test 'xmllint' to check XML markup files
[1.283s] -- Configuring done
[1.290s] -- Generating done
[1.296s] -- Build files have been written to: /home/leoni/cato/build/lol
[1.316s] Invoked command in '/home/leoni/cato/build/lol' returned '0': CMAKE_PREFIX_PATH=${CMAKE_PREFIX_PATH}:/home/leoni/cato/install/lol:/home/leoni/cato/install/lemov:/home/leoni/cato/install/cartographer_ros_msgs:/home/leoni/turtlebot3_ws/install/turtlebot3_teleop:/home/leoni/turtlebot3_ws/install/turtlebot3_example:/opt/ros/humble /usr/bin/cmake /home/leoni/cato/src/lol -DCMAKE_INSTALL_PREFIX=/home/leoni/cato/install/lol
[1.324s] Invoking command in '/home/leoni/cato/build/lol': CMAKE_PREFIX_PATH=${CMAKE_PREFIX_PATH}:/home/leoni/cato/install/lol:/home/leoni/cato/install/lemov:/home/leoni/cato/install/cartographer_ros_msgs:/home/leoni/turtlebot3_ws/install/turtlebot3_teleop:/home/leoni/turtlebot3_ws/install/turtlebot3_example:/opt/ros/humble /usr/bin/cmake --build /home/leoni/cato/build/lol -- -j16 -l16
[1.424s] Invoked command in '/home/leoni/cato/build/lol' returned '0': CMAKE_PREFIX_PATH=${CMAKE_PREFIX_PATH}:/home/leoni/cato/install/lol:/home/leoni/cato/install/lemov:/home/leoni/cato/install/cartographer_ros_msgs:/home/leoni/turtlebot3_ws/install/turtlebot3_teleop:/home/leoni/turtlebot3_ws/install/turtlebot3_example:/opt/ros/humble /usr/bin/cmake --build /home/leoni/cato/build/lol -- -j16 -l16
[1.445s] Invoking command in '/home/leoni/cato/build/lol': CMAKE_PREFIX_PATH=${CMAKE_PREFIX_PATH}:/home/leoni/cato/install/lol:/home/leoni/cato/install/lemov:/home/leoni/cato/install/cartographer_ros_msgs:/home/leoni/turtlebot3_ws/install/turtlebot3_teleop:/home/leoni/turtlebot3_ws/install/turtlebot3_example:/opt/ros/humble /usr/bin/cmake --install /home/leoni/cato/build/lol
[1.458s] -- Install configuration: ""
[1.458s] -- Installing: /home/leoni/cato/install/lol/share/ament_index/resource_index/package_run_dependencies/lol
[1.459s] -- Installing: /home/leoni/cato/install/lol/share/ament_index/resource_index/parent_prefix_path/lol
[1.459s] -- Installing: /home/leoni/cato/install/lol/share/lol/environment/ament_prefix_path.sh
[1.460s] -- Installing: /home/leoni/cato/install/lol/share/lol/environment/ament_prefix_path.dsv
[1.460s] -- Installing: /home/leoni/cato/install/lol/share/lol/environment/path.sh
[1.460s] -- Installing: /home/leoni/cato/install/lol/share/lol/environment/path.dsv
[1.461s] -- Installing: /home/leoni/cato/install/lol/share/lol/local_setup.bash
[1.461s] -- Installing: /home/leoni/cato/install/lol/share/lol/local_setup.sh
[1.462s] -- Installing: /home/leoni/cato/install/lol/share/lol/local_setup.zsh
[1.462s] -- Installing: /home/leoni/cato/install/lol/share/lol/local_setup.dsv
[1.462s] -- Installing: /home/leoni/cato/install/lol/share/lol/package.dsv
[1.463s] -- Installing: /home/leoni/cato/install/lol/share/ament_index/resource_index/packages/lol
[1.463s] -- Installing: /home/leoni/cato/install/lol/share/lol/cmake/lolConfig.cmake
[1.463s] -- Installing: /home/leoni/cato/install/lol/share/lol/cmake/lolConfig-version.cmake
[1.464s] -- Installing: /home/leoni/cato/install/lol/share/lol/package.xml
[1.464s] -- Installing: /home/leoni/cato/install/lol/share/lol/launch
[1.464s] -- Installing: /home/leoni/cato/install/lol/share/lol/launch/leoni.launch.py
[1.468s] Invoked command in '/home/leoni/cato/build/lol' returned '0': CMAKE_PREFIX_PATH=${CMAKE_PREFIX_PATH}:/home/leoni/cato/install/lol:/home/leoni/cato/install/lemov:/home/leoni/cato/install/cartographer_ros_msgs:/home/leoni/turtlebot3_ws/install/turtlebot3_teleop:/home/leoni/turtlebot3_ws/install/turtlebot3_example:/opt/ros/humble /usr/bin/cmake --install /home/leoni/cato/build/lol
