/home/leoni/cato/install/lemov/lib/python3.10/site-packages/lemov/moer.py
/home/leoni/cato/install/lemov/lib/python3.10/site-packages/lemov/movisen.py
/home/leoni/cato/install/lemov/lib/python3.10/site-packages/lemov/__init__.py
/home/leoni/cato/install/lemov/lib/python3.10/site-packages/lemov/sensores.py
/home/leoni/cato/install/lemov/lib/python3.10/site-packages/lemov/__pycache__/moer.cpython-310.pyc
/home/leoni/cato/install/lemov/lib/python3.10/site-packages/lemov/__pycache__/movisen.cpython-310.pyc
/home/leoni/cato/install/lemov/lib/python3.10/site-packages/lemov/__pycache__/__init__.cpython-310.pyc
/home/leoni/cato/install/lemov/lib/python3.10/site-packages/lemov/__pycache__/sensores.cpython-310.pyc
/home/leoni/cato/install/lemov/share/ament_index/resource_index/packages/lemov
/home/leoni/cato/install/lemov/share/lemov/package.xml
/home/leoni/cato/install/lemov/lib/python3.10/site-packages/lemov-0.0.0-py3.10.egg-info/SOURCES.txt
/home/leoni/cato/install/lemov/lib/python3.10/site-packages/lemov-0.0.0-py3.10.egg-info/PKG-INFO
/home/leoni/cato/install/lemov/lib/python3.10/site-packages/lemov-0.0.0-py3.10.egg-info/dependency_links.txt
/home/leoni/cato/install/lemov/lib/python3.10/site-packages/lemov-0.0.0-py3.10.egg-info/entry_points.txt
/home/leoni/cato/install/lemov/lib/python3.10/site-packages/lemov-0.0.0-py3.10.egg-info/requires.txt
/home/leoni/cato/install/lemov/lib/python3.10/site-packages/lemov-0.0.0-py3.10.egg-info/zip-safe
/home/leoni/cato/install/lemov/lib/python3.10/site-packages/lemov-0.0.0-py3.10.egg-info/top_level.txt
/home/leoni/cato/install/lemov/lib/lemov/move
/home/leoni/cato/install/lemov/lib/lemov/movisen
/home/leoni/cato/install/lemov/lib/lemov/sensori
