[0.615s] Invoking command in '/home/leoni/cato/build/navigation_tb3': CMAKE_PREFIX_PATH=${CMAKE_PREFIX_PATH}:/home/leoni/cato/install/lemove:/home/leoni/cato/install/lemov:/home/leoni/turtlebot3_ws/install/turtlebot3_teleop:/home/leoni/turtlebot3_ws/install/turtlebot3_example:/opt/ros/humble /usr/bin/cmake --build /home/leoni/cato/build/navigation_tb3 -- -j16 -l16
[0.723s] [100%] Built target pub_occupancy_grid
[0.723s] [100%] Built target ament_cmake_python_copy_navigation_tb3
[1.017s] running egg_info
[1.018s] writing navigation_tb3.egg-info/PKG-INFO
[1.018s] writing dependency_links to navigation_tb3.egg-info/dependency_links.txt
[1.019s] writing top-level names to navigation_tb3.egg-info/top_level.txt
[1.021s] reading manifest file 'navigation_tb3.egg-info/SOURCES.txt'
[1.021s] writing manifest file 'navigation_tb3.egg-info/SOURCES.txt'
[1.058s] [100%] Built target ament_cmake_python_build_navigation_tb3_egg
[1.073s] Invoked command in '/home/leoni/cato/build/navigation_tb3' returned '0': CMAKE_PREFIX_PATH=${CMAKE_PREFIX_PATH}:/home/leoni/cato/install/lemove:/home/leoni/cato/install/lemov:/home/leoni/turtlebot3_ws/install/turtlebot3_teleop:/home/leoni/turtlebot3_ws/install/turtlebot3_example:/opt/ros/humble /usr/bin/cmake --build /home/leoni/cato/build/navigation_tb3 -- -j16 -l16
[1.076s] Invoking command in '/home/leoni/cato/build/navigation_tb3': CMAKE_PREFIX_PATH=${CMAKE_PREFIX_PATH}:/home/leoni/cato/install/lemove:/home/leoni/cato/install/lemov:/home/leoni/turtlebot3_ws/install/turtlebot3_teleop:/home/leoni/turtlebot3_ws/install/turtlebot3_example:/opt/ros/humble /usr/bin/cmake --install /home/leoni/cato/build/navigation_tb3
[1.086s] -- Install configuration: ""
[1.087s] -- Up-to-date: /home/leoni/cato/install/navigation_tb3/lib/navigation_tb3/pub_occupancy_grid
[1.087s] -- Up-to-date: /home/leoni/cato/install/navigation_tb3/share/navigation_tb3/launch
[1.088s] -- Up-to-date: /home/leoni/cato/install/navigation_tb3/share/navigation_tb3/launch/mapping.launch.py
[1.088s] -- Up-to-date: /home/leoni/cato/install/navigation_tb3/share/navigation_tb3/launch/navigation.launch.py
[1.088s] -- Up-to-date: /home/leoni/cato/install/navigation_tb3/share/navigation_tb3/launch/move_robot.py
[1.088s] -- Up-to-date: /home/leoni/cato/install/navigation_tb3/share/navigation_tb3/config
[1.088s] -- Up-to-date: /home/leoni/cato/install/navigation_tb3/share/navigation_tb3/config/map2.pgm
[1.088s] -- Up-to-date: /home/leoni/cato/install/navigation_tb3/share/navigation_tb3/config/navigation.rviz
[1.088s] -- Up-to-date: /home/leoni/cato/install/navigation_tb3/share/navigation_tb3/config/rosbostito.lua
[1.089s] -- Up-to-date: /home/leoni/cato/install/navigation_tb3/share/navigation_tb3/config/tb3_map.pgm
[1.089s] -- Up-to-date: /home/leoni/cato/install/navigation_tb3/share/navigation_tb3/config/cuarto.yaml
[1.089s] -- Up-to-date: /home/leoni/cato/install/navigation_tb3/share/navigation_tb3/config/mapping.rviz
[1.089s] -- Up-to-date: /home/leoni/cato/install/navigation_tb3/share/navigation_tb3/config/mapCasa3.yaml
[1.089s] -- Up-to-date: /home/leoni/cato/install/navigation_tb3/share/navigation_tb3/config/mapCasa3.pgm
[1.090s] -- Up-to-date: /home/leoni/cato/install/navigation_tb3/share/navigation_tb3/config/tb3_nav2_params.yaml
[1.090s] -- Up-to-date: /home/leoni/cato/install/navigation_tb3/share/navigation_tb3/config/turtlebot3_lds_2d.lua
[1.090s] -- Up-to-date: /home/leoni/cato/install/navigation_tb3/share/navigation_tb3/config/map2.yaml
[1.090s] -- Up-to-date: /home/leoni/cato/install/navigation_tb3/share/navigation_tb3/config/cuarto.pgm
[1.090s] -- Up-to-date: /home/leoni/cato/install/navigation_tb3/share/navigation_tb3/config/pioneer.lua
[1.090s] -- Up-to-date: /home/leoni/cato/install/navigation_tb3/share/navigation_tb3/config/visualize.rviz
[1.090s] -- Up-to-date: /home/leoni/cato/install/navigation_tb3/share/navigation_tb3/config/mappingV2.rviz
[1.090s] -- Up-to-date: /home/leoni/cato/install/navigation_tb3/share/navigation_tb3/config/tb3_map.yaml
[1.090s] -- Up-to-date: /home/leoni/cato/install/navigation_tb3/share/navigation_tb3/environment/pythonpath.sh
[1.091s] -- Up-to-date: /home/leoni/cato/install/navigation_tb3/share/navigation_tb3/environment/pythonpath.dsv
[1.091s] -- Up-to-date: /home/leoni/cato/install/navigation_tb3/local/lib/python3.10/dist-packages/navigation_tb3-0.0.0-py3.10.egg-info
[1.091s] -- Installing: /home/leoni/cato/install/navigation_tb3/local/lib/python3.10/dist-packages/navigation_tb3-0.0.0-py3.10.egg-info/SOURCES.txt
[1.091s] -- Installing: /home/leoni/cato/install/navigation_tb3/local/lib/python3.10/dist-packages/navigation_tb3-0.0.0-py3.10.egg-info/PKG-INFO
[1.091s] -- Installing: /home/leoni/cato/install/navigation_tb3/local/lib/python3.10/dist-packages/navigation_tb3-0.0.0-py3.10.egg-info/dependency_links.txt
[1.091s] -- Installing: /home/leoni/cato/install/navigation_tb3/local/lib/python3.10/dist-packages/navigation_tb3-0.0.0-py3.10.egg-info/top_level.txt
[1.091s] -- Up-to-date: /home/leoni/cato/install/navigation_tb3/local/lib/python3.10/dist-packages/navigation_tb3
[1.091s] -- Up-to-date: /home/leoni/cato/install/navigation_tb3/local/lib/python3.10/dist-packages/navigation_tb3/__init__.py
[1.137s] Listing '/home/leoni/cato/install/navigation_tb3/local/lib/python3.10/dist-packages/navigation_tb3'...
[1.142s] -- Up-to-date: /home/leoni/cato/install/navigation_tb3/lib/navigation_tb3/single_goal_nav.py
[1.142s] -- Up-to-date: /home/leoni/cato/install/navigation_tb3/lib/navigation_tb3/multi_waypoints.py
[1.142s] -- Up-to-date: /home/leoni/cato/install/navigation_tb3/share/ament_index/resource_index/package_run_dependencies/navigation_tb3
[1.142s] -- Up-to-date: /home/leoni/cato/install/navigation_tb3/share/ament_index/resource_index/parent_prefix_path/navigation_tb3
[1.142s] -- Up-to-date: /home/leoni/cato/install/navigation_tb3/share/navigation_tb3/environment/ament_prefix_path.sh
[1.142s] -- Up-to-date: /home/leoni/cato/install/navigation_tb3/share/navigation_tb3/environment/ament_prefix_path.dsv
[1.142s] -- Up-to-date: /home/leoni/cato/install/navigation_tb3/share/navigation_tb3/environment/path.sh
[1.142s] -- Up-to-date: /home/leoni/cato/install/navigation_tb3/share/navigation_tb3/environment/path.dsv
[1.143s] -- Up-to-date: /home/leoni/cato/install/navigation_tb3/share/navigation_tb3/local_setup.bash
[1.143s] -- Up-to-date: /home/leoni/cato/install/navigation_tb3/share/navigation_tb3/local_setup.sh
[1.143s] -- Up-to-date: /home/leoni/cato/install/navigation_tb3/share/navigation_tb3/local_setup.zsh
[1.143s] -- Up-to-date: /home/leoni/cato/install/navigation_tb3/share/navigation_tb3/local_setup.dsv
[1.143s] -- Installing: /home/leoni/cato/install/navigation_tb3/share/navigation_tb3/package.dsv
[1.143s] -- Up-to-date: /home/leoni/cato/install/navigation_tb3/share/ament_index/resource_index/packages/navigation_tb3
[1.143s] -- Up-to-date: /home/leoni/cato/install/navigation_tb3/share/navigation_tb3/cmake/navigation_tb3Config.cmake
[1.144s] -- Up-to-date: /home/leoni/cato/install/navigation_tb3/share/navigation_tb3/cmake/navigation_tb3Config-version.cmake
[1.144s] -- Up-to-date: /home/leoni/cato/install/navigation_tb3/share/navigation_tb3/package.xml
[1.146s] Invoked command in '/home/leoni/cato/build/navigation_tb3' returned '0': CMAKE_PREFIX_PATH=${CMAKE_PREFIX_PATH}:/home/leoni/cato/install/lemove:/home/leoni/cato/install/lemov:/home/leoni/turtlebot3_ws/install/turtlebot3_teleop:/home/leoni/turtlebot3_ws/install/turtlebot3_example:/opt/ros/humble /usr/bin/cmake --install /home/leoni/cato/build/navigation_tb3
