[0.044s] Invoking command in '/home/leoni/cato/build/stage_ros2': CMAKE_PREFIX_PATH=/home/leoni/cato/install/Stage:/home/leoni/cato/install/lol:/home/leoni/cato/install/cartographer_ros_msgs:/home/leoni/cato/install/stage_ros2:/home/leoni/cato/install/navigation_tb3:/home/leoni/cato/install/cartographer_rviz:/home/leoni/cato/install/cartographer_ros:/home/leoni/turtlebot3_ws/install/turtlebot3:/home/leoni/turtlebot3_ws/install/turtlebot3_simulations:/home/leoni/turtlebot3_ws/install/turtlebot3_bringup:/home/leoni/turtlebot3_ws/install/turtlebot3_node:/home/leoni/turtlebot3_ws/install/turtlebot3_navigation2:/home/leoni/turtlebot3_ws/install/turtlebot3_fake_node:/home/leoni/turtlebot3_ws/install/turtlebot3_msgs:/home/leoni/turtlebot3_ws/install/turtlebot3_gazebo:/home/leoni/turtlebot3_ws/install/turtlebot3_description:/home/leoni/turtlebot3_ws/install/turtlebot3_cartographer:/home/leoni/turtlebot3_ws/install/dynamixel_sdk_examples:/home/leoni/turtlebot3_ws/install/dynamixel_sdk_custom_interfaces:/home/leoni/turtlebot3_ws/install/dynamixel_sdk:/home/leoni/stage/install/stage_ros2:/home/leoni/stage/install/Stage:/home/leoni/Desktop/robotica/brazo/install/cubo_urdf:/home/leoni/cato/install/lemove:/home/leoni/cato/install/lemov:/home/leoni/turtlebot3_ws/install/turtlebot3_teleop:/home/leoni/turtlebot3_ws/install/turtlebot3_example:/opt/ros/humble LD_LIBRARY_PATH=/home/leoni/cato/install/Stage/lib:/home/leoni/cato/install/stage_ros2/lib:/home/leoni/cato/install/cartographer_rviz/lib:/home/leoni/cato/install/cartographer_ros/lib:/home/leoni/cato/install/cartographer_ros_msgs/lib:/home/leoni/turtlebot3_ws/install/turtlebot3_msgs/lib:/home/leoni/turtlebot3_ws/install/dynamixel_sdk_custom_interfaces/lib:/home/leoni/turtlebot3_ws/install/dynamixel_sdk/lib:/home/leoni/stage/install/stage_ros2/lib:/home/leoni/stage/install/Stage/lib:/usr/lib/x86_64-linux-gnu/gazebo-11/plugins:/opt/ros/humble/opt/rviz_ogre_vendor/lib:/opt/ros/humble/lib/x86_64-linux-gnu:/opt/ros/humble/lib /usr/bin/cmake --build /home/leoni/cato/build/stage_ros2 -- -j16 -l16
[0.080s] [35m[1mConsolidate compiler generated dependencies of target stage_node[0m
[0.099s] [ 71%] Built target stage_node
[0.108s] [35m[1mConsolidate compiler generated dependencies of target stage_ros2[0m
[0.122s] [100%] Built target stage_ros2
[0.132s] Invoked command in '/home/leoni/cato/build/stage_ros2' returned '0': CMAKE_PREFIX_PATH=/home/leoni/cato/install/Stage:/home/leoni/cato/install/lol:/home/leoni/cato/install/cartographer_ros_msgs:/home/leoni/cato/install/stage_ros2:/home/leoni/cato/install/navigation_tb3:/home/leoni/cato/install/cartographer_rviz:/home/leoni/cato/install/cartographer_ros:/home/leoni/turtlebot3_ws/install/turtlebot3:/home/leoni/turtlebot3_ws/install/turtlebot3_simulations:/home/leoni/turtlebot3_ws/install/turtlebot3_bringup:/home/leoni/turtlebot3_ws/install/turtlebot3_node:/home/leoni/turtlebot3_ws/install/turtlebot3_navigation2:/home/leoni/turtlebot3_ws/install/turtlebot3_fake_node:/home/leoni/turtlebot3_ws/install/turtlebot3_msgs:/home/leoni/turtlebot3_ws/install/turtlebot3_gazebo:/home/leoni/turtlebot3_ws/install/turtlebot3_description:/home/leoni/turtlebot3_ws/install/turtlebot3_cartographer:/home/leoni/turtlebot3_ws/install/dynamixel_sdk_examples:/home/leoni/turtlebot3_ws/install/dynamixel_sdk_custom_interfaces:/home/leoni/turtlebot3_ws/install/dynamixel_sdk:/home/leoni/stage/install/stage_ros2:/home/leoni/stage/install/Stage:/home/leoni/Desktop/robotica/brazo/install/cubo_urdf:/home/leoni/cato/install/lemove:/home/leoni/cato/install/lemov:/home/leoni/turtlebot3_ws/install/turtlebot3_teleop:/home/leoni/turtlebot3_ws/install/turtlebot3_example:/opt/ros/humble LD_LIBRARY_PATH=/home/leoni/cato/install/Stage/lib:/home/leoni/cato/install/stage_ros2/lib:/home/leoni/cato/install/cartographer_rviz/lib:/home/leoni/cato/install/cartographer_ros/lib:/home/leoni/cato/install/cartographer_ros_msgs/lib:/home/leoni/turtlebot3_ws/install/turtlebot3_msgs/lib:/home/leoni/turtlebot3_ws/install/dynamixel_sdk_custom_interfaces/lib:/home/leoni/turtlebot3_ws/install/dynamixel_sdk/lib:/home/leoni/stage/install/stage_ros2/lib:/home/leoni/stage/install/Stage/lib:/usr/lib/x86_64-linux-gnu/gazebo-11/plugins:/opt/ros/humble/opt/rviz_ogre_vendor/lib:/opt/ros/humble/lib/x86_64-linux-gnu:/opt/ros/humble/lib /usr/bin/cmake --build /home/leoni/cato/build/stage_ros2 -- -j16 -l16
[0.134s] Invoking command in '/home/leoni/cato/build/stage_ros2': CMAKE_PREFIX_PATH=/home/leoni/cato/install/Stage:/home/leoni/cato/install/lol:/home/leoni/cato/install/cartographer_ros_msgs:/home/leoni/cato/install/stage_ros2:/home/leoni/cato/install/navigation_tb3:/home/leoni/cato/install/cartographer_rviz:/home/leoni/cato/install/cartographer_ros:/home/leoni/turtlebot3_ws/install/turtlebot3:/home/leoni/turtlebot3_ws/install/turtlebot3_simulations:/home/leoni/turtlebot3_ws/install/turtlebot3_bringup:/home/leoni/turtlebot3_ws/install/turtlebot3_node:/home/leoni/turtlebot3_ws/install/turtlebot3_navigation2:/home/leoni/turtlebot3_ws/install/turtlebot3_fake_node:/home/leoni/turtlebot3_ws/install/turtlebot3_msgs:/home/leoni/turtlebot3_ws/install/turtlebot3_gazebo:/home/leoni/turtlebot3_ws/install/turtlebot3_description:/home/leoni/turtlebot3_ws/install/turtlebot3_cartographer:/home/leoni/turtlebot3_ws/install/dynamixel_sdk_examples:/home/leoni/turtlebot3_ws/install/dynamixel_sdk_custom_interfaces:/home/leoni/turtlebot3_ws/install/dynamixel_sdk:/home/leoni/stage/install/stage_ros2:/home/leoni/stage/install/Stage:/home/leoni/Desktop/robotica/brazo/install/cubo_urdf:/home/leoni/cato/install/lemove:/home/leoni/cato/install/lemov:/home/leoni/turtlebot3_ws/install/turtlebot3_teleop:/home/leoni/turtlebot3_ws/install/turtlebot3_example:/opt/ros/humble LD_LIBRARY_PATH=/home/leoni/cato/install/Stage/lib:/home/leoni/cato/install/stage_ros2/lib:/home/leoni/cato/install/cartographer_rviz/lib:/home/leoni/cato/install/cartographer_ros/lib:/home/leoni/cato/install/cartographer_ros_msgs/lib:/home/leoni/turtlebot3_ws/install/turtlebot3_msgs/lib:/home/leoni/turtlebot3_ws/install/dynamixel_sdk_custom_interfaces/lib:/home/leoni/turtlebot3_ws/install/dynamixel_sdk/lib:/home/leoni/stage/install/stage_ros2/lib:/home/leoni/stage/install/Stage/lib:/usr/lib/x86_64-linux-gnu/gazebo-11/plugins:/opt/ros/humble/opt/rviz_ogre_vendor/lib:/opt/ros/humble/lib/x86_64-linux-gnu:/opt/ros/humble/lib /usr/bin/cmake --install /home/leoni/cato/build/stage_ros2
[0.141s] -- Install configuration: ""
[0.141s] -- Up-to-date: /home/leoni/cato/install/stage_ros2/share/stage_ros2/environment/library_path.sh
[0.141s] -- Up-to-date: /home/leoni/cato/install/stage_ros2/share/stage_ros2/environment/library_path.dsv
[0.141s] -- Up-to-date: /home/leoni/cato/install/stage_ros2/share/stage_ros2//launch
[0.141s] -- Up-to-date: /home/leoni/cato/install/stage_ros2/share/stage_ros2//launch/rviz_ns.launch.py
[0.141s] -- Up-to-date: /home/leoni/cato/install/stage_ros2/share/stage_ros2//launch/stage.launch.py
[0.141s] -- Up-to-date: /home/leoni/cato/install/stage_ros2/share/stage_ros2//launch/rviz.launch.py
[0.141s] -- Up-to-date: /home/leoni/cato/install/stage_ros2/share/stage_ros2//launch/f710.launch.py
[0.141s] -- Up-to-date: /home/leoni/cato/install/stage_ros2/share/stage_ros2//launch/demo.launch.py
[0.141s] -- Up-to-date: /home/leoni/cato/install/stage_ros2/share/stage_ros2//world
[0.141s] -- Up-to-date: /home/leoni/cato/install/stage_ros2/share/stage_ros2//world/cave_multi.world
[0.141s] -- Up-to-date: /home/leoni/cato/install/stage_ros2/share/stage_ros2//world/hallway.world
[0.141s] -- Up-to-date: /home/leoni/cato/install/stage_ros2/share/stage_ros2//world/lines.world
[0.141s] -- Up-to-date: /home/leoni/cato/install/stage_ros2/share/stage_ros2//world/cave_three_robots.world
[0.141s] -- Up-to-date: /home/leoni/cato/install/stage_ros2/share/stage_ros2//world/cave.world
[0.141s] -- Up-to-date: /home/leoni/cato/install/stage_ros2/share/stage_ros2//world/straden.world
[0.142s] -- Up-to-date: /home/leoni/cato/install/stage_ros2/share/stage_ros2//world/bitmaps
[0.142s] -- Up-to-date: /home/leoni/cato/install/stage_ros2/share/stage_ros2//world/bitmaps/cave.png
[0.142s] -- Up-to-date: /home/leoni/cato/install/stage_ros2/share/stage_ros2//world/bitmaps/hallway.pgm
[0.142s] -- Up-to-date: /home/leoni/cato/install/stage_ros2/share/stage_ros2//world/bitmaps/mapa.pgm
[0.142s] -- Up-to-date: /home/leoni/cato/install/stage_ros2/share/stage_ros2//world/bitmaps/willow-full.pgm
[0.142s] -- Up-to-date: /home/leoni/cato/install/stage_ros2/share/stage_ros2//world/bitmaps/warehouse008.pgm
[0.142s] -- Up-to-date: /home/leoni/cato/install/stage_ros2/share/stage_ros2//world/bitmaps/warehouse200.pgm
[0.142s] -- Up-to-date: /home/leoni/cato/install/stage_ros2/share/stage_ros2//world/bitmaps/hallway.png
[0.142s] -- Up-to-date: /home/leoni/cato/install/stage_ros2/share/stage_ros2//world/bitmaps/line.png
[0.142s] -- Up-to-date: /home/leoni/cato/install/stage_ros2/share/stage_ros2//world/bitmaps/warehouse032.pgm
[0.142s] -- Up-to-date: /home/leoni/cato/install/stage_ros2/share/stage_ros2//world/bitmaps/mapa.png
[0.142s] -- Up-to-date: /home/leoni/cato/install/stage_ros2/share/stage_ros2//world/bitmaps/straden.png
[0.142s] -- Up-to-date: /home/leoni/cato/install/stage_ros2/share/stage_ros2//world/mapa.world
[0.142s] -- Up-to-date: /home/leoni/cato/install/stage_ros2/share/stage_ros2//world/cave_seven_robots.world
[0.142s] -- Up-to-date: /home/leoni/cato/install/stage_ros2/share/stage_ros2//world/include
[0.142s] -- Up-to-date: /home/leoni/cato/install/stage_ros2/share/stage_ros2//world/include/pioneer2dx.inc
[0.142s] -- Up-to-date: /home/leoni/cato/install/stage_ros2/share/stage_ros2//world/include/robots.inc
[0.142s] -- Up-to-date: /home/leoni/cato/install/stage_ros2/share/stage_ros2//world/willow-four-erratics-multisensor.world
[0.142s] -- Up-to-date: /home/leoni/cato/install/stage_ros2/share/stage_ros2//config
[0.142s] -- Up-to-date: /home/leoni/cato/install/stage_ros2/share/stage_ros2//config/teleop_twist_joy
[0.142s] -- Up-to-date: /home/leoni/cato/install/stage_ros2/share/stage_ros2//config/teleop_twist_joy/f710.config.yaml
[0.142s] -- Up-to-date: /home/leoni/cato/install/stage_ros2/share/stage_ros2//config/rviz
[0.142s] -- Up-to-date: /home/leoni/cato/install/stage_ros2/share/stage_ros2//config/rviz/robot_ns_depth.rviz
[0.143s] -- Up-to-date: /home/leoni/cato/install/stage_ros2/share/stage_ros2//config/rviz/cave_three_robots.rviz
[0.143s] -- Up-to-date: /home/leoni/cato/install/stage_ros2/share/stage_ros2//config/rviz/lines.rviz
[0.143s] -- Up-to-date: /home/leoni/cato/install/stage_ros2/share/stage_ros2//config/rviz/cave.rviz
[0.143s] -- Up-to-date: /home/leoni/cato/install/stage_ros2/share/stage_ros2//config/rviz/robot_ns.rviz
[0.143s] -- Up-to-date: /home/leoni/cato/install/stage_ros2/share/stage_ros2//config/rviz/cave_seven_robots.rviz
[0.143s] -- Up-to-date: /home/leoni/cato/install/stage_ros2/share/stage_ros2//config/rviz/robot0.rviz
[0.143s] -- Up-to-date: /home/leoni/cato/install/stage_ros2/lib/libstage_node.so
[0.143s] -- Up-to-date: /home/leoni/cato/install/stage_ros2/lib/stage_ros2/stage_ros2
[0.143s] -- Up-to-date: /home/leoni/cato/install/stage_ros2/share/ament_index/resource_index/package_run_dependencies/stage_ros2
[0.143s] -- Up-to-date: /home/leoni/cato/install/stage_ros2/share/ament_index/resource_index/parent_prefix_path/stage_ros2
[0.143s] -- Up-to-date: /home/leoni/cato/install/stage_ros2/share/stage_ros2/environment/ament_prefix_path.sh
[0.143s] -- Up-to-date: /home/leoni/cato/install/stage_ros2/share/stage_ros2/environment/ament_prefix_path.dsv
[0.144s] -- Up-to-date: /home/leoni/cato/install/stage_ros2/share/stage_ros2/environment/path.sh
[0.144s] -- Up-to-date: /home/leoni/cato/install/stage_ros2/share/stage_ros2/environment/path.dsv
[0.144s] -- Up-to-date: /home/leoni/cato/install/stage_ros2/share/stage_ros2/local_setup.bash
[0.144s] -- Up-to-date: /home/leoni/cato/install/stage_ros2/share/stage_ros2/local_setup.sh
[0.144s] -- Up-to-date: /home/leoni/cato/install/stage_ros2/share/stage_ros2/local_setup.zsh
[0.144s] -- Up-to-date: /home/leoni/cato/install/stage_ros2/share/stage_ros2/local_setup.dsv
[0.144s] -- Installing: /home/leoni/cato/install/stage_ros2/share/stage_ros2/package.dsv
[0.144s] -- Up-to-date: /home/leoni/cato/install/stage_ros2/share/ament_index/resource_index/packages/stage_ros2
[0.144s] -- Up-to-date: /home/leoni/cato/install/stage_ros2/share/stage_ros2/cmake/stage_ros2Config.cmake
[0.144s] -- Up-to-date: /home/leoni/cato/install/stage_ros2/share/stage_ros2/cmake/stage_ros2Config-version.cmake
[0.144s] -- Up-to-date: /home/leoni/cato/install/stage_ros2/share/stage_ros2/package.xml
[0.145s] Invoked command in '/home/leoni/cato/build/stage_ros2' returned '0': CMAKE_PREFIX_PATH=/home/leoni/cato/install/Stage:/home/leoni/cato/install/lol:/home/leoni/cato/install/cartographer_ros_msgs:/home/leoni/cato/install/stage_ros2:/home/leoni/cato/install/navigation_tb3:/home/leoni/cato/install/cartographer_rviz:/home/leoni/cato/install/cartographer_ros:/home/leoni/turtlebot3_ws/install/turtlebot3:/home/leoni/turtlebot3_ws/install/turtlebot3_simulations:/home/leoni/turtlebot3_ws/install/turtlebot3_bringup:/home/leoni/turtlebot3_ws/install/turtlebot3_node:/home/leoni/turtlebot3_ws/install/turtlebot3_navigation2:/home/leoni/turtlebot3_ws/install/turtlebot3_fake_node:/home/leoni/turtlebot3_ws/install/turtlebot3_msgs:/home/leoni/turtlebot3_ws/install/turtlebot3_gazebo:/home/leoni/turtlebot3_ws/install/turtlebot3_description:/home/leoni/turtlebot3_ws/install/turtlebot3_cartographer:/home/leoni/turtlebot3_ws/install/dynamixel_sdk_examples:/home/leoni/turtlebot3_ws/install/dynamixel_sdk_custom_interfaces:/home/leoni/turtlebot3_ws/install/dynamixel_sdk:/home/leoni/stage/install/stage_ros2:/home/leoni/stage/install/Stage:/home/leoni/Desktop/robotica/brazo/install/cubo_urdf:/home/leoni/cato/install/lemove:/home/leoni/cato/install/lemov:/home/leoni/turtlebot3_ws/install/turtlebot3_teleop:/home/leoni/turtlebot3_ws/install/turtlebot3_example:/opt/ros/humble LD_LIBRARY_PATH=/home/leoni/cato/install/Stage/lib:/home/leoni/cato/install/stage_ros2/lib:/home/leoni/cato/install/cartographer_rviz/lib:/home/leoni/cato/install/cartographer_ros/lib:/home/leoni/cato/install/cartographer_ros_msgs/lib:/home/leoni/turtlebot3_ws/install/turtlebot3_msgs/lib:/home/leoni/turtlebot3_ws/install/dynamixel_sdk_custom_interfaces/lib:/home/leoni/turtlebot3_ws/install/dynamixel_sdk/lib:/home/leoni/stage/install/stage_ros2/lib:/home/leoni/stage/install/Stage/lib:/usr/lib/x86_64-linux-gnu/gazebo-11/plugins:/opt/ros/humble/opt/rviz_ogre_vendor/lib:/opt/ros/humble/lib/x86_64-linux-gnu:/opt/ros/humble/lib /usr/bin/cmake --install /home/leoni/cato/build/stage_ros2
