[0.014s] Invoking command in '/home/leoni/cato/build/stage_ros2': CMAKE_PREFIX_PATH=/home/leoni/cato/install/Stage:/home/leoni/cato/install/stage_ros2:/home/leoni/cato/install/navigation_tb3:/home/leoni/cato/install/cartographer_rviz:/home/leoni/cato/install/cartographer_ros:/home/leoni/turtlebot3_ws/install/turtlebot3:/home/leoni/turtlebot3_ws/install/turtlebot3_simulations:/home/leoni/turtlebot3_ws/install/turtlebot3_bringup:/home/leoni/turtlebot3_ws/install/turtlebot3_node:/home/leoni/turtlebot3_ws/install/turtlebot3_navigation2:/home/leoni/turtlebot3_ws/install/turtlebot3_fake_node:/home/leoni/turtlebot3_ws/install/turtlebot3_msgs:/home/leoni/turtlebot3_ws/install/turtlebot3_gazebo:/home/leoni/turtlebot3_ws/install/turtlebot3_description:/home/leoni/turtlebot3_ws/install/turtlebot3_cartographer:/home/leoni/turtlebot3_ws/install/dynamixel_sdk_examples:/home/leoni/turtlebot3_ws/install/dynamixel_sdk_custom_interfaces:/home/leoni/turtlebot3_ws/install/dynamixel_sdk:/home/leoni/stage/install/stage_ros2:/home/leoni/stage/install/Stage:/home/leoni/Desktop/robotica/brazo/install/cubo_urdf:/home/leoni/cato/install/lol:/home/leoni/cato/install/lemov:/home/leoni/cato/install/cartographer_ros_msgs:/home/leoni/turtlebot3_ws/install/turtlebot3_teleop:/home/leoni/turtlebot3_ws/install/turtlebot3_example:/opt/ros/humble LD_LIBRARY_PATH=/home/leoni/cato/install/Stage/lib:/home/leoni/cato/install/stage_ros2/lib:/home/leoni/cato/install/cartographer_rviz/lib:/home/leoni/cato/install/cartographer_ros/lib:/home/leoni/cato/install/cartographer_ros_msgs/lib:/home/leoni/turtlebot3_ws/install/turtlebot3_msgs/lib:/home/leoni/turtlebot3_ws/install/dynamixel_sdk_custom_interfaces/lib:/home/leoni/turtlebot3_ws/install/dynamixel_sdk/lib:/home/leoni/stage/install/stage_ros2/lib:/home/leoni/stage/install/Stage/lib:/usr/lib/x86_64-linux-gnu/gazebo-11/plugins:/opt/ros/humble/opt/rviz_ogre_vendor/lib:/opt/ros/humble/lib/x86_64-linux-gnu:/opt/ros/humble/lib /usr/bin/cmake /home/leoni/cato/src/stage_ros2 -DCMAKE_INSTALL_PREFIX=/home/leoni/cato/install/stage_ros2
[0.071s] -- The C compiler identification is GNU 11.4.0
[0.125s] -- The CXX compiler identification is GNU 11.4.0
[0.135s] -- Detecting C compiler ABI info
[0.200s] -- Detecting C compiler ABI info - done
[0.213s] -- Check for working C compiler: /usr/bin/cc - skipped
[0.213s] -- Detecting C compile features
[0.213s] -- Detecting C compile features - done
[0.217s] -- Detecting CXX compiler ABI info
[0.292s] -- Detecting CXX compiler ABI info - done
[0.304s] -- Check for working CXX compiler: /usr/bin/c++ - skipped
[0.304s] -- Detecting CXX compile features
[0.304s] -- Detecting CXX compile features - done
[0.310s] -- Found ament_cmake: 1.3.11 (/opt/ros/humble/share/ament_cmake/cmake)
[0.710s] -- Found Python3: /usr/bin/python3 (found version "3.10.12") found components: Interpreter 
[0.945s] -- Found rclcpp: 16.0.12 (/opt/ros/humble/share/rclcpp/cmake)
[1.042s] -- Found rosidl_generator_c: 3.1.6 (/opt/ros/humble/share/rosidl_generator_c/cmake)
[1.057s] -- Found rosidl_adapter: 3.1.6 (/opt/ros/humble/share/rosidl_adapter/cmake)
[1.077s] -- Found rosidl_generator_cpp: 3.1.6 (/opt/ros/humble/share/rosidl_generator_cpp/cmake)
[1.106s] -- Using all available rosidl_typesupport_c: rosidl_typesupport_fastrtps_c;rosidl_typesupport_introspection_c
[1.145s] -- Using all available rosidl_typesupport_cpp: rosidl_typesupport_fastrtps_cpp;rosidl_typesupport_introspection_cpp
[1.256s] -- Found rmw_implementation_cmake: 6.1.2 (/opt/ros/humble/share/rmw_implementation_cmake/cmake)
[1.265s] -- Found rmw_fastrtps_cpp: 6.2.7 (/opt/ros/humble/share/rmw_fastrtps_cpp/cmake)
[1.437s] -- Found OpenSSL: /usr/lib/x86_64-linux-gnu/libcrypto.so (found version "3.0.2")  
[1.492s] -- Found FastRTPS: /opt/ros/humble/include  
[1.586s] -- Using RMW implementation 'rmw_fastrtps_cpp' as default
[1.606s] -- Looking for pthread.h
[1.756s] -- Looking for pthread.h - found
[1.756s] -- Performing Test CMAKE_HAVE_LIBC_PTHREAD
[1.870s] -- Performing Test CMAKE_HAVE_LIBC_PTHREAD - Success
[1.870s] -- Found Threads: TRUE  
[1.985s] -- Found rclcpp_components: 16.0.12 (/opt/ros/humble/share/rclcpp_components/cmake)
[2.040s] -- Found sensor_msgs: 4.8.0 (/opt/ros/humble/share/sensor_msgs/cmake)
[2.101s] -- Found nav_msgs: 4.8.0 (/opt/ros/humble/share/nav_msgs/cmake)
[2.131s] -- Found tf2_ros: 0.25.12 (/opt/ros/humble/share/tf2_ros/cmake)
[2.279s] -- Found tf2_geometry_msgs: 0.25.12 (/opt/ros/humble/share/tf2_geometry_msgs/cmake)
[2.312s] -- Found eigen3_cmake_module: 0.1.1 (/opt/ros/humble/share/eigen3_cmake_module/cmake)
[2.317s] -- Found Eigen3: TRUE (found version "3.4.0") 
[2.317s] -- Ensuring Eigen3 include directory is part of orocos-kdl CMake target
[2.322s] -- Found std_srvs: 4.8.0 (/opt/ros/humble/share/std_srvs/cmake)
[2.357s] -- Found ament_lint_auto: 0.12.12 (/opt/ros/humble/share/ament_lint_auto/cmake)
[2.562s] -- Added test 'cppcheck' to perform static code analysis on C / C++ code
[2.563s] -- Configured cppcheck include dirs: /home/leoni/cato/src/stage_ros2/./include;$<BUILD_INTERFACE:/home/leoni/cato/src/stage_ros2/include>
[2.563s] -- Configured cppcheck exclude dirs and/or files: 
[2.570s] -- Added test 'flake8' to check Python code syntax and style conventions
[2.577s] -- Added test 'lint_cmake' to check CMake code style
[2.580s] -- Added test 'pep257' to check Python code against some of the docstring style conventions in PEP 257
[2.589s] -- Added test 'uncrustify' to check C / C++ code style
[2.589s] -- Configured uncrustify additional arguments: 
[2.592s] -- Added test 'xmllint' to check XML markup files
[2.595s] -- Configuring done
[2.626s] -- Generating done
[2.642s] -- Build files have been written to: /home/leoni/cato/build/stage_ros2
[2.658s] Invoked command in '/home/leoni/cato/build/stage_ros2' returned '0': CMAKE_PREFIX_PATH=/home/leoni/cato/install/Stage:/home/leoni/cato/install/stage_ros2:/home/leoni/cato/install/navigation_tb3:/home/leoni/cato/install/cartographer_rviz:/home/leoni/cato/install/cartographer_ros:/home/leoni/turtlebot3_ws/install/turtlebot3:/home/leoni/turtlebot3_ws/install/turtlebot3_simulations:/home/leoni/turtlebot3_ws/install/turtlebot3_bringup:/home/leoni/turtlebot3_ws/install/turtlebot3_node:/home/leoni/turtlebot3_ws/install/turtlebot3_navigation2:/home/leoni/turtlebot3_ws/install/turtlebot3_fake_node:/home/leoni/turtlebot3_ws/install/turtlebot3_msgs:/home/leoni/turtlebot3_ws/install/turtlebot3_gazebo:/home/leoni/turtlebot3_ws/install/turtlebot3_description:/home/leoni/turtlebot3_ws/install/turtlebot3_cartographer:/home/leoni/turtlebot3_ws/install/dynamixel_sdk_examples:/home/leoni/turtlebot3_ws/install/dynamixel_sdk_custom_interfaces:/home/leoni/turtlebot3_ws/install/dynamixel_sdk:/home/leoni/stage/install/stage_ros2:/home/leoni/stage/install/Stage:/home/leoni/Desktop/robotica/brazo/install/cubo_urdf:/home/leoni/cato/install/lol:/home/leoni/cato/install/lemov:/home/leoni/cato/install/cartographer_ros_msgs:/home/leoni/turtlebot3_ws/install/turtlebot3_teleop:/home/leoni/turtlebot3_ws/install/turtlebot3_example:/opt/ros/humble LD_LIBRARY_PATH=/home/leoni/cato/install/Stage/lib:/home/leoni/cato/install/stage_ros2/lib:/home/leoni/cato/install/cartographer_rviz/lib:/home/leoni/cato/install/cartographer_ros/lib:/home/leoni/cato/install/cartographer_ros_msgs/lib:/home/leoni/turtlebot3_ws/install/turtlebot3_msgs/lib:/home/leoni/turtlebot3_ws/install/dynamixel_sdk_custom_interfaces/lib:/home/leoni/turtlebot3_ws/install/dynamixel_sdk/lib:/home/leoni/stage/install/stage_ros2/lib:/home/leoni/stage/install/Stage/lib:/usr/lib/x86_64-linux-gnu/gazebo-11/plugins:/opt/ros/humble/opt/rviz_ogre_vendor/lib:/opt/ros/humble/lib/x86_64-linux-gnu:/opt/ros/humble/lib /usr/bin/cmake /home/leoni/cato/src/stage_ros2 -DCMAKE_INSTALL_PREFIX=/home/leoni/cato/install/stage_ros2
[2.663s] Invoking command in '/home/leoni/cato/build/stage_ros2': CMAKE_PREFIX_PATH=/home/leoni/cato/install/Stage:/home/leoni/cato/install/stage_ros2:/home/leoni/cato/install/navigation_tb3:/home/leoni/cato/install/cartographer_rviz:/home/leoni/cato/install/cartographer_ros:/home/leoni/turtlebot3_ws/install/turtlebot3:/home/leoni/turtlebot3_ws/install/turtlebot3_simulations:/home/leoni/turtlebot3_ws/install/turtlebot3_bringup:/home/leoni/turtlebot3_ws/install/turtlebot3_node:/home/leoni/turtlebot3_ws/install/turtlebot3_navigation2:/home/leoni/turtlebot3_ws/install/turtlebot3_fake_node:/home/leoni/turtlebot3_ws/install/turtlebot3_msgs:/home/leoni/turtlebot3_ws/install/turtlebot3_gazebo:/home/leoni/turtlebot3_ws/install/turtlebot3_description:/home/leoni/turtlebot3_ws/install/turtlebot3_cartographer:/home/leoni/turtlebot3_ws/install/dynamixel_sdk_examples:/home/leoni/turtlebot3_ws/install/dynamixel_sdk_custom_interfaces:/home/leoni/turtlebot3_ws/install/dynamixel_sdk:/home/leoni/stage/install/stage_ros2:/home/leoni/stage/install/Stage:/home/leoni/Desktop/robotica/brazo/install/cubo_urdf:/home/leoni/cato/install/lol:/home/leoni/cato/install/lemov:/home/leoni/cato/install/cartographer_ros_msgs:/home/leoni/turtlebot3_ws/install/turtlebot3_teleop:/home/leoni/turtlebot3_ws/install/turtlebot3_example:/opt/ros/humble LD_LIBRARY_PATH=/home/leoni/cato/install/Stage/lib:/home/leoni/cato/install/stage_ros2/lib:/home/leoni/cato/install/cartographer_rviz/lib:/home/leoni/cato/install/cartographer_ros/lib:/home/leoni/cato/install/cartographer_ros_msgs/lib:/home/leoni/turtlebot3_ws/install/turtlebot3_msgs/lib:/home/leoni/turtlebot3_ws/install/dynamixel_sdk_custom_interfaces/lib:/home/leoni/turtlebot3_ws/install/dynamixel_sdk/lib:/home/leoni/stage/install/stage_ros2/lib:/home/leoni/stage/install/Stage/lib:/usr/lib/x86_64-linux-gnu/gazebo-11/plugins:/opt/ros/humble/opt/rviz_ogre_vendor/lib:/opt/ros/humble/lib/x86_64-linux-gnu:/opt/ros/humble/lib /usr/bin/cmake --build /home/leoni/cato/build/stage_ros2 -- -j16 -l16
[2.769s] [ 14%] [32mBuilding CXX object CMakeFiles/stage_node.dir/src/stage_node.cpp.o[0m
[2.769s] [ 28%] [32mBuilding CXX object CMakeFiles/stage_node.dir/src/vehicle.cpp.o[0m
[2.773s] [ 42%] [32mBuilding CXX object CMakeFiles/stage_node.dir/src/ranger.cpp.o[0m
[2.775s] [ 57%] [32mBuilding CXX object CMakeFiles/stage_node.dir/src/camera.cpp.o[0m
[13.069s] [ 71%] [32m[1mLinking CXX shared library libstage_node.so[0m
[14.276s] [ 71%] Built target stage_node
[14.335s] [ 85%] [32mBuilding CXX object CMakeFiles/stage_ros2.dir/src/main.cpp.o[0m
[19.522s] [100%] [32m[1mLinking CXX executable stage_ros2[0m
[19.919s] [100%] Built target stage_ros2
[19.931s] Invoked command in '/home/leoni/cato/build/stage_ros2' returned '0': CMAKE_PREFIX_PATH=/home/leoni/cato/install/Stage:/home/leoni/cato/install/stage_ros2:/home/leoni/cato/install/navigation_tb3:/home/leoni/cato/install/cartographer_rviz:/home/leoni/cato/install/cartographer_ros:/home/leoni/turtlebot3_ws/install/turtlebot3:/home/leoni/turtlebot3_ws/install/turtlebot3_simulations:/home/leoni/turtlebot3_ws/install/turtlebot3_bringup:/home/leoni/turtlebot3_ws/install/turtlebot3_node:/home/leoni/turtlebot3_ws/install/turtlebot3_navigation2:/home/leoni/turtlebot3_ws/install/turtlebot3_fake_node:/home/leoni/turtlebot3_ws/install/turtlebot3_msgs:/home/leoni/turtlebot3_ws/install/turtlebot3_gazebo:/home/leoni/turtlebot3_ws/install/turtlebot3_description:/home/leoni/turtlebot3_ws/install/turtlebot3_cartographer:/home/leoni/turtlebot3_ws/install/dynamixel_sdk_examples:/home/leoni/turtlebot3_ws/install/dynamixel_sdk_custom_interfaces:/home/leoni/turtlebot3_ws/install/dynamixel_sdk:/home/leoni/stage/install/stage_ros2:/home/leoni/stage/install/Stage:/home/leoni/Desktop/robotica/brazo/install/cubo_urdf:/home/leoni/cato/install/lol:/home/leoni/cato/install/lemov:/home/leoni/cato/install/cartographer_ros_msgs:/home/leoni/turtlebot3_ws/install/turtlebot3_teleop:/home/leoni/turtlebot3_ws/install/turtlebot3_example:/opt/ros/humble LD_LIBRARY_PATH=/home/leoni/cato/install/Stage/lib:/home/leoni/cato/install/stage_ros2/lib:/home/leoni/cato/install/cartographer_rviz/lib:/home/leoni/cato/install/cartographer_ros/lib:/home/leoni/cato/install/cartographer_ros_msgs/lib:/home/leoni/turtlebot3_ws/install/turtlebot3_msgs/lib:/home/leoni/turtlebot3_ws/install/dynamixel_sdk_custom_interfaces/lib:/home/leoni/turtlebot3_ws/install/dynamixel_sdk/lib:/home/leoni/stage/install/stage_ros2/lib:/home/leoni/stage/install/Stage/lib:/usr/lib/x86_64-linux-gnu/gazebo-11/plugins:/opt/ros/humble/opt/rviz_ogre_vendor/lib:/opt/ros/humble/lib/x86_64-linux-gnu:/opt/ros/humble/lib /usr/bin/cmake --build /home/leoni/cato/build/stage_ros2 -- -j16 -l16
[19.932s] Invoking command in '/home/leoni/cato/build/stage_ros2': CMAKE_PREFIX_PATH=/home/leoni/cato/install/Stage:/home/leoni/cato/install/stage_ros2:/home/leoni/cato/install/navigation_tb3:/home/leoni/cato/install/cartographer_rviz:/home/leoni/cato/install/cartographer_ros:/home/leoni/turtlebot3_ws/install/turtlebot3:/home/leoni/turtlebot3_ws/install/turtlebot3_simulations:/home/leoni/turtlebot3_ws/install/turtlebot3_bringup:/home/leoni/turtlebot3_ws/install/turtlebot3_node:/home/leoni/turtlebot3_ws/install/turtlebot3_navigation2:/home/leoni/turtlebot3_ws/install/turtlebot3_fake_node:/home/leoni/turtlebot3_ws/install/turtlebot3_msgs:/home/leoni/turtlebot3_ws/install/turtlebot3_gazebo:/home/leoni/turtlebot3_ws/install/turtlebot3_description:/home/leoni/turtlebot3_ws/install/turtlebot3_cartographer:/home/leoni/turtlebot3_ws/install/dynamixel_sdk_examples:/home/leoni/turtlebot3_ws/install/dynamixel_sdk_custom_interfaces:/home/leoni/turtlebot3_ws/install/dynamixel_sdk:/home/leoni/stage/install/stage_ros2:/home/leoni/stage/install/Stage:/home/leoni/Desktop/robotica/brazo/install/cubo_urdf:/home/leoni/cato/install/lol:/home/leoni/cato/install/lemov:/home/leoni/cato/install/cartographer_ros_msgs:/home/leoni/turtlebot3_ws/install/turtlebot3_teleop:/home/leoni/turtlebot3_ws/install/turtlebot3_example:/opt/ros/humble LD_LIBRARY_PATH=/home/leoni/cato/install/Stage/lib:/home/leoni/cato/install/stage_ros2/lib:/home/leoni/cato/install/cartographer_rviz/lib:/home/leoni/cato/install/cartographer_ros/lib:/home/leoni/cato/install/cartographer_ros_msgs/lib:/home/leoni/turtlebot3_ws/install/turtlebot3_msgs/lib:/home/leoni/turtlebot3_ws/install/dynamixel_sdk_custom_interfaces/lib:/home/leoni/turtlebot3_ws/install/dynamixel_sdk/lib:/home/leoni/stage/install/stage_ros2/lib:/home/leoni/stage/install/Stage/lib:/usr/lib/x86_64-linux-gnu/gazebo-11/plugins:/opt/ros/humble/opt/rviz_ogre_vendor/lib:/opt/ros/humble/lib/x86_64-linux-gnu:/opt/ros/humble/lib /usr/bin/cmake --install /home/leoni/cato/build/stage_ros2
[19.940s] -- Install configuration: ""
[19.940s] -- Installing: /home/leoni/cato/install/stage_ros2/share/stage_ros2/environment/library_path.sh
[19.940s] -- Installing: /home/leoni/cato/install/stage_ros2/share/stage_ros2/environment/library_path.dsv
[19.940s] -- Installing: /home/leoni/cato/install/stage_ros2/share/stage_ros2//launch
[19.941s] -- Installing: /home/leoni/cato/install/stage_ros2/share/stage_ros2//launch/rviz_ns.launch.py
[19.941s] -- Installing: /home/leoni/cato/install/stage_ros2/share/stage_ros2//launch/stage.launch.py
[19.941s] -- Installing: /home/leoni/cato/install/stage_ros2/share/stage_ros2//launch/rviz.launch.py
[19.941s] -- Installing: /home/leoni/cato/install/stage_ros2/share/stage_ros2//launch/f710.launch.py
[19.941s] -- Installing: /home/leoni/cato/install/stage_ros2/share/stage_ros2//launch/demo.launch.py
[19.941s] -- Installing: /home/leoni/cato/install/stage_ros2/share/stage_ros2//world
[19.941s] -- Installing: /home/leoni/cato/install/stage_ros2/share/stage_ros2//world/cave_multi.world
[19.941s] -- Installing: /home/leoni/cato/install/stage_ros2/share/stage_ros2//world/hallway.world
[19.941s] -- Installing: /home/leoni/cato/install/stage_ros2/share/stage_ros2//world/lines.world
[19.941s] -- Installing: /home/leoni/cato/install/stage_ros2/share/stage_ros2//world/cave_three_robots.world
[19.941s] -- Installing: /home/leoni/cato/install/stage_ros2/share/stage_ros2//world/cave.world
[19.941s] -- Installing: /home/leoni/cato/install/stage_ros2/share/stage_ros2//world/straden.world
[19.942s] -- Installing: /home/leoni/cato/install/stage_ros2/share/stage_ros2//world/bitmaps
[19.942s] -- Installing: /home/leoni/cato/install/stage_ros2/share/stage_ros2//world/bitmaps/cave.png
[19.942s] -- Installing: /home/leoni/cato/install/stage_ros2/share/stage_ros2//world/bitmaps/hallway.pgm
[19.942s] -- Installing: /home/leoni/cato/install/stage_ros2/share/stage_ros2//world/bitmaps/mapa.pgm
[19.942s] -- Installing: /home/leoni/cato/install/stage_ros2/share/stage_ros2//world/bitmaps/willow-full.pgm
[19.943s] -- Installing: /home/leoni/cato/install/stage_ros2/share/stage_ros2//world/bitmaps/warehouse008.pgm
[19.943s] -- Installing: /home/leoni/cato/install/stage_ros2/share/stage_ros2//world/bitmaps/warehouse200.pgm
[19.944s] -- Installing: /home/leoni/cato/install/stage_ros2/share/stage_ros2//world/bitmaps/hallway.png
[19.944s] -- Installing: /home/leoni/cato/install/stage_ros2/share/stage_ros2//world/bitmaps/line.png
[19.944s] -- Installing: /home/leoni/cato/install/stage_ros2/share/stage_ros2//world/bitmaps/warehouse032.pgm
[19.945s] -- Installing: /home/leoni/cato/install/stage_ros2/share/stage_ros2//world/bitmaps/mapa.png
[19.945s] -- Installing: /home/leoni/cato/install/stage_ros2/share/stage_ros2//world/bitmaps/straden.png
[19.945s] -- Installing: /home/leoni/cato/install/stage_ros2/share/stage_ros2//world/mapa.world
[19.945s] -- Installing: /home/leoni/cato/install/stage_ros2/share/stage_ros2//world/cave_seven_robots.world
[19.945s] -- Installing: /home/leoni/cato/install/stage_ros2/share/stage_ros2//world/include
[19.945s] -- Installing: /home/leoni/cato/install/stage_ros2/share/stage_ros2//world/include/pioneer2dx.inc
[19.945s] -- Installing: /home/leoni/cato/install/stage_ros2/share/stage_ros2//world/include/robots.inc
[19.945s] -- Installing: /home/leoni/cato/install/stage_ros2/share/stage_ros2//world/willow-four-erratics-multisensor.world
[19.945s] -- Installing: /home/leoni/cato/install/stage_ros2/share/stage_ros2//config
[19.945s] -- Installing: /home/leoni/cato/install/stage_ros2/share/stage_ros2//config/teleop_twist_joy
[19.946s] -- Installing: /home/leoni/cato/install/stage_ros2/share/stage_ros2//config/teleop_twist_joy/f710.config.yaml
[19.946s] -- Installing: /home/leoni/cato/install/stage_ros2/share/stage_ros2//config/rviz
[19.946s] -- Installing: /home/leoni/cato/install/stage_ros2/share/stage_ros2//config/rviz/robot_ns_depth.rviz
[19.946s] -- Installing: /home/leoni/cato/install/stage_ros2/share/stage_ros2//config/rviz/cave_three_robots.rviz
[19.946s] -- Installing: /home/leoni/cato/install/stage_ros2/share/stage_ros2//config/rviz/lines.rviz
[19.946s] -- Installing: /home/leoni/cato/install/stage_ros2/share/stage_ros2//config/rviz/cave.rviz
[19.946s] -- Installing: /home/leoni/cato/install/stage_ros2/share/stage_ros2//config/rviz/robot_ns.rviz
[19.946s] -- Installing: /home/leoni/cato/install/stage_ros2/share/stage_ros2//config/rviz/cave_seven_robots.rviz
[19.946s] -- Installing: /home/leoni/cato/install/stage_ros2/share/stage_ros2//config/rviz/robot0.rviz
[19.946s] -- Installing: /home/leoni/cato/install/stage_ros2/lib/libstage_node.so
[19.952s] -- Set runtime path of "/home/leoni/cato/install/stage_ros2/lib/libstage_node.so" to ""
[19.952s] -- Installing: /home/leoni/cato/install/stage_ros2/lib/stage_ros2/stage_ros2
[19.953s] -- Set runtime path of "/home/leoni/cato/install/stage_ros2/lib/stage_ros2/stage_ros2" to ""
[19.953s] -- Installing: /home/leoni/cato/install/stage_ros2/share/ament_index/resource_index/package_run_dependencies/stage_ros2
[19.953s] -- Installing: /home/leoni/cato/install/stage_ros2/share/ament_index/resource_index/parent_prefix_path/stage_ros2
[19.953s] -- Installing: /home/leoni/cato/install/stage_ros2/share/stage_ros2/environment/ament_prefix_path.sh
[19.953s] -- Installing: /home/leoni/cato/install/stage_ros2/share/stage_ros2/environment/ament_prefix_path.dsv
[19.953s] -- Installing: /home/leoni/cato/install/stage_ros2/share/stage_ros2/environment/path.sh
[19.953s] -- Installing: /home/leoni/cato/install/stage_ros2/share/stage_ros2/environment/path.dsv
[19.953s] -- Installing: /home/leoni/cato/install/stage_ros2/share/stage_ros2/local_setup.bash
[19.953s] -- Installing: /home/leoni/cato/install/stage_ros2/share/stage_ros2/local_setup.sh
[19.953s] -- Installing: /home/leoni/cato/install/stage_ros2/share/stage_ros2/local_setup.zsh
[19.953s] -- Installing: /home/leoni/cato/install/stage_ros2/share/stage_ros2/local_setup.dsv
[19.953s] -- Installing: /home/leoni/cato/install/stage_ros2/share/stage_ros2/package.dsv
[19.954s] -- Installing: /home/leoni/cato/install/stage_ros2/share/ament_index/resource_index/packages/stage_ros2
[19.954s] -- Installing: /home/leoni/cato/install/stage_ros2/share/stage_ros2/cmake/stage_ros2Config.cmake
[19.954s] -- Installing: /home/leoni/cato/install/stage_ros2/share/stage_ros2/cmake/stage_ros2Config-version.cmake
[19.954s] -- Installing: /home/leoni/cato/install/stage_ros2/share/stage_ros2/package.xml
[19.956s] Invoked command in '/home/leoni/cato/build/stage_ros2' returned '0': CMAKE_PREFIX_PATH=/home/leoni/cato/install/Stage:/home/leoni/cato/install/stage_ros2:/home/leoni/cato/install/navigation_tb3:/home/leoni/cato/install/cartographer_rviz:/home/leoni/cato/install/cartographer_ros:/home/leoni/turtlebot3_ws/install/turtlebot3:/home/leoni/turtlebot3_ws/install/turtlebot3_simulations:/home/leoni/turtlebot3_ws/install/turtlebot3_bringup:/home/leoni/turtlebot3_ws/install/turtlebot3_node:/home/leoni/turtlebot3_ws/install/turtlebot3_navigation2:/home/leoni/turtlebot3_ws/install/turtlebot3_fake_node:/home/leoni/turtlebot3_ws/install/turtlebot3_msgs:/home/leoni/turtlebot3_ws/install/turtlebot3_gazebo:/home/leoni/turtlebot3_ws/install/turtlebot3_description:/home/leoni/turtlebot3_ws/install/turtlebot3_cartographer:/home/leoni/turtlebot3_ws/install/dynamixel_sdk_examples:/home/leoni/turtlebot3_ws/install/dynamixel_sdk_custom_interfaces:/home/leoni/turtlebot3_ws/install/dynamixel_sdk:/home/leoni/stage/install/stage_ros2:/home/leoni/stage/install/Stage:/home/leoni/Desktop/robotica/brazo/install/cubo_urdf:/home/leoni/cato/install/lol:/home/leoni/cato/install/lemov:/home/leoni/cato/install/cartographer_ros_msgs:/home/leoni/turtlebot3_ws/install/turtlebot3_teleop:/home/leoni/turtlebot3_ws/install/turtlebot3_example:/opt/ros/humble LD_LIBRARY_PATH=/home/leoni/cato/install/Stage/lib:/home/leoni/cato/install/stage_ros2/lib:/home/leoni/cato/install/cartographer_rviz/lib:/home/leoni/cato/install/cartographer_ros/lib:/home/leoni/cato/install/cartographer_ros_msgs/lib:/home/leoni/turtlebot3_ws/install/turtlebot3_msgs/lib:/home/leoni/turtlebot3_ws/install/dynamixel_sdk_custom_interfaces/lib:/home/leoni/turtlebot3_ws/install/dynamixel_sdk/lib:/home/leoni/stage/install/stage_ros2/lib:/home/leoni/stage/install/Stage/lib:/usr/lib/x86_64-linux-gnu/gazebo-11/plugins:/opt/ros/humble/opt/rviz_ogre_vendor/lib:/opt/ros/humble/lib/x86_64-linux-gnu:/opt/ros/humble/lib /usr/bin/cmake --install /home/leoni/cato/build/stage_ros2
