[1.141s] Invoking command in '/home/leoni/cato/src/lemove': PYTHONPATH=/home/leoni/cato/build/lemove/prefix_override:/usr/lib/python3/dist-packages/colcon_core/task/python/colcon_distutils_commands:/home/leoni/cato/install/lemove/lib/python3.10/site-packages:${PYTHONPATH} /usr/bin/python3 -W ignore:setup.py install is deprecated -W ignore:easy_install command is deprecated setup.py egg_info --egg-base ../../build/lemove build --build-base /home/leoni/cato/build/lemove/build install --record /home/leoni/cato/build/lemove/install.log --single-version-externally-managed install_data
[1.457s] running egg_info
[1.458s] writing ../../build/lemove/lemove.egg-info/PKG-INFO
[1.458s] writing dependency_links to ../../build/lemove/lemove.egg-info/dependency_links.txt
[1.458s] writing entry points to ../../build/lemove/lemove.egg-info/entry_points.txt
[1.458s] writing requirements to ../../build/lemove/lemove.egg-info/requires.txt
[1.458s] writing top-level names to ../../build/lemove/lemove.egg-info/top_level.txt
[1.460s] reading manifest file '../../build/lemove/lemove.egg-info/SOURCES.txt'
[1.461s] writing manifest file '../../build/lemove/lemove.egg-info/SOURCES.txt'
[1.461s] running build
[1.461s] running build_py
[1.462s] running install
[1.462s] running install_lib
[1.463s] running install_data
[1.463s] running install_egg_info
[1.465s] removing '/home/leoni/cato/install/lemove/lib/python3.10/site-packages/lemove-0.0.0-py3.10.egg-info' (and everything under it)
[1.465s] Copying ../../build/lemove/lemove.egg-info to /home/leoni/cato/install/lemove/lib/python3.10/site-packages/lemove-0.0.0-py3.10.egg-info
[1.466s] running install_scripts
[1.489s] Installing moer script to /home/leoni/cato/install/lemove/lib/lemove
[1.490s] writing list of installed files to '/home/leoni/cato/build/lemove/install.log'
[1.513s] Invoked command in '/home/leoni/cato/src/lemove' returned '0': PYTHONPATH=/home/leoni/cato/build/lemove/prefix_override:/usr/lib/python3/dist-packages/colcon_core/task/python/colcon_distutils_commands:/home/leoni/cato/install/lemove/lib/python3.10/site-packages:${PYTHONPATH} /usr/bin/python3 -W ignore:setup.py install is deprecated -W ignore:easy_install command is deprecated setup.py egg_info --egg-base ../../build/lemove build --build-base /home/leoni/cato/build/lemove/build install --record /home/leoni/cato/build/lemove/install.log --single-version-externally-managed install_data
