[0.012s] Invoking command in '/home/leoni/cato/build/cartographer_rviz': AMENT_PREFIX_PATH=/home/leoni/cato/install/cartographer_ros:/home/leoni/cato/install/cartographer_ros_msgs:${AMENT_PREFIX_PATH} CMAKE_PREFIX_PATH=/home/leoni/cato/install/cartographer_ros:/home/leoni/cato/install/cartographer_ros_msgs:/home/leoni/turtlebot3_ws/install/turtlebot3:/home/leoni/turtlebot3_ws/install/turtlebot3_simulations:/home/leoni/turtlebot3_ws/install/turtlebot3_bringup:/home/leoni/turtlebot3_ws/install/turtlebot3_node:/home/leoni/turtlebot3_ws/install/turtlebot3_navigation2:/home/leoni/turtlebot3_ws/install/turtlebot3_fake_node:/home/leoni/turtlebot3_ws/install/turtlebot3_msgs:/home/leoni/turtlebot3_ws/install/turtlebot3_gazebo:/home/leoni/turtlebot3_ws/install/turtlebot3_description:/home/leoni/turtlebot3_ws/install/turtlebot3_cartographer:/home/leoni/turtlebot3_ws/install/dynamixel_sdk_examples:/home/leoni/turtlebot3_ws/install/dynamixel_sdk_custom_interfaces:/home/leoni/turtlebot3_ws/install/dynamixel_sdk:/home/leoni/stage/install/stage_ros2:/home/leoni/stage/install/Stage:/home/leoni/Desktop/robotica/brazo/install/cubo_urdf:/home/leoni/turtlebot3_ws/install/turtlebot3_teleop:/home/leoni/turtlebot3_ws/install/turtlebot3_example:/opt/ros/humble LD_LIBRARY_PATH=/home/leoni/cato/install/cartographer_ros/lib:/home/leoni/cato/install/cartographer_ros_msgs/lib:${LD_LIBRARY_PATH} PYTHONPATH=/home/leoni/cato/install/cartographer_ros_msgs/local/lib/python3.10/dist-packages:${PYTHONPATH} /usr/bin/cmake --build /home/leoni/cato/build/cartographer_rviz -- -j16 -l16
[0.049s] [ 16%] [34m[1mAutomatic MOC for target cartographer_rviz[0m
[0.053s] [ 16%] Built target cartographer_rviz_detect_changes
[0.067s] [ 16%] Built target cartographer_rviz_autogen
[0.097s] [100%] Built target cartographer_rviz
[0.104s] Invoked command in '/home/leoni/cato/build/cartographer_rviz' returned '0': AMENT_PREFIX_PATH=/home/leoni/cato/install/cartographer_ros:/home/leoni/cato/install/cartographer_ros_msgs:${AMENT_PREFIX_PATH} CMAKE_PREFIX_PATH=/home/leoni/cato/install/cartographer_ros:/home/leoni/cato/install/cartographer_ros_msgs:/home/leoni/turtlebot3_ws/install/turtlebot3:/home/leoni/turtlebot3_ws/install/turtlebot3_simulations:/home/leoni/turtlebot3_ws/install/turtlebot3_bringup:/home/leoni/turtlebot3_ws/install/turtlebot3_node:/home/leoni/turtlebot3_ws/install/turtlebot3_navigation2:/home/leoni/turtlebot3_ws/install/turtlebot3_fake_node:/home/leoni/turtlebot3_ws/install/turtlebot3_msgs:/home/leoni/turtlebot3_ws/install/turtlebot3_gazebo:/home/leoni/turtlebot3_ws/install/turtlebot3_description:/home/leoni/turtlebot3_ws/install/turtlebot3_cartographer:/home/leoni/turtlebot3_ws/install/dynamixel_sdk_examples:/home/leoni/turtlebot3_ws/install/dynamixel_sdk_custom_interfaces:/home/leoni/turtlebot3_ws/install/dynamixel_sdk:/home/leoni/stage/install/stage_ros2:/home/leoni/stage/install/Stage:/home/leoni/Desktop/robotica/brazo/install/cubo_urdf:/home/leoni/turtlebot3_ws/install/turtlebot3_teleop:/home/leoni/turtlebot3_ws/install/turtlebot3_example:/opt/ros/humble LD_LIBRARY_PATH=/home/leoni/cato/install/cartographer_ros/lib:/home/leoni/cato/install/cartographer_ros_msgs/lib:${LD_LIBRARY_PATH} PYTHONPATH=/home/leoni/cato/install/cartographer_ros_msgs/local/lib/python3.10/dist-packages:${PYTHONPATH} /usr/bin/cmake --build /home/leoni/cato/build/cartographer_rviz -- -j16 -l16
[0.106s] Invoking command in '/home/leoni/cato/build/cartographer_rviz': AMENT_PREFIX_PATH=/home/leoni/cato/install/cartographer_ros:/home/leoni/cato/install/cartographer_ros_msgs:${AMENT_PREFIX_PATH} CMAKE_PREFIX_PATH=/home/leoni/cato/install/cartographer_ros:/home/leoni/cato/install/cartographer_ros_msgs:/home/leoni/turtlebot3_ws/install/turtlebot3:/home/leoni/turtlebot3_ws/install/turtlebot3_simulations:/home/leoni/turtlebot3_ws/install/turtlebot3_bringup:/home/leoni/turtlebot3_ws/install/turtlebot3_node:/home/leoni/turtlebot3_ws/install/turtlebot3_navigation2:/home/leoni/turtlebot3_ws/install/turtlebot3_fake_node:/home/leoni/turtlebot3_ws/install/turtlebot3_msgs:/home/leoni/turtlebot3_ws/install/turtlebot3_gazebo:/home/leoni/turtlebot3_ws/install/turtlebot3_description:/home/leoni/turtlebot3_ws/install/turtlebot3_cartographer:/home/leoni/turtlebot3_ws/install/dynamixel_sdk_examples:/home/leoni/turtlebot3_ws/install/dynamixel_sdk_custom_interfaces:/home/leoni/turtlebot3_ws/install/dynamixel_sdk:/home/leoni/stage/install/stage_ros2:/home/leoni/stage/install/Stage:/home/leoni/Desktop/robotica/brazo/install/cubo_urdf:/home/leoni/turtlebot3_ws/install/turtlebot3_teleop:/home/leoni/turtlebot3_ws/install/turtlebot3_example:/opt/ros/humble LD_LIBRARY_PATH=/home/leoni/cato/install/cartographer_ros/lib:/home/leoni/cato/install/cartographer_ros_msgs/lib:${LD_LIBRARY_PATH} PYTHONPATH=/home/leoni/cato/install/cartographer_ros_msgs/local/lib/python3.10/dist-packages:${PYTHONPATH} /usr/bin/cmake --install /home/leoni/cato/build/cartographer_rviz
[0.110s] -- Install configuration: "Release"
[0.110s] -- Up-to-date: /home/leoni/cato/install/cartographer_rviz/share/cartographer_rviz/rviz_plugin_description.xml
[0.110s] -- Up-to-date: /home/leoni/cato/install/cartographer_rviz/lib/libcartographer_rviz.so
[0.110s] -- Up-to-date: /home/leoni/cato/install/cartographer_rviz/include/
[0.111s] -- Up-to-date: /home/leoni/cato/install/cartographer_rviz/include//cartographer_rviz
[0.111s] -- Up-to-date: /home/leoni/cato/install/cartographer_rviz/include//cartographer_rviz/ogre_slice.h
[0.111s] -- Up-to-date: /home/leoni/cato/install/cartographer_rviz/include//cartographer_rviz/drawable_submap.h
[0.111s] -- Up-to-date: /home/leoni/cato/install/cartographer_rviz/include//cartographer_rviz/submaps_display.h
[0.111s] -- Up-to-date: /home/leoni/cato/install/cartographer_rviz/share/cartographer_rviz/environment/library_path.sh
[0.111s] -- Up-to-date: /home/leoni/cato/install/cartographer_rviz/share/cartographer_rviz/environment/library_path.dsv
[0.111s] -- Up-to-date: /home/leoni/cato/install/cartographer_rviz/share/ament_index/resource_index/package_run_dependencies/cartographer_rviz
[0.111s] -- Up-to-date: /home/leoni/cato/install/cartographer_rviz/share/ament_index/resource_index/parent_prefix_path/cartographer_rviz
[0.111s] -- Up-to-date: /home/leoni/cato/install/cartographer_rviz/share/cartographer_rviz/environment/ament_prefix_path.sh
[0.111s] -- Up-to-date: /home/leoni/cato/install/cartographer_rviz/share/cartographer_rviz/environment/ament_prefix_path.dsv
[0.111s] -- Up-to-date: /home/leoni/cato/install/cartographer_rviz/share/cartographer_rviz/environment/path.sh
[0.111s] -- Up-to-date: /home/leoni/cato/install/cartographer_rviz/share/cartographer_rviz/environment/path.dsv
[0.111s] -- Up-to-date: /home/leoni/cato/install/cartographer_rviz/share/cartographer_rviz/local_setup.bash
[0.111s] -- Up-to-date: /home/leoni/cato/install/cartographer_rviz/share/cartographer_rviz/local_setup.sh
[0.112s] -- Up-to-date: /home/leoni/cato/install/cartographer_rviz/share/cartographer_rviz/local_setup.zsh
[0.112s] -- Up-to-date: /home/leoni/cato/install/cartographer_rviz/share/cartographer_rviz/local_setup.dsv
[0.112s] -- Installing: /home/leoni/cato/install/cartographer_rviz/share/cartographer_rviz/package.dsv
[0.112s] -- Up-to-date: /home/leoni/cato/install/cartographer_rviz/share/ament_index/resource_index/packages/cartographer_rviz
[0.112s] -- Up-to-date: /home/leoni/cato/install/cartographer_rviz/share/ament_index/resource_index/rviz_common__pluginlib__plugin/cartographer_rviz
[0.112s] -- Up-to-date: /home/leoni/cato/install/cartographer_rviz/share/cartographer_rviz/ogre_media/materials/glsl120
[0.112s] -- Up-to-date: /home/leoni/cato/install/cartographer_rviz/share/cartographer_rviz/ogre_media/materials/glsl120/submap.frag
[0.112s] -- Up-to-date: /home/leoni/cato/install/cartographer_rviz/share/cartographer_rviz/ogre_media/materials/glsl120/glsl120.program
[0.112s] -- Up-to-date: /home/leoni/cato/install/cartographer_rviz/share/cartographer_rviz/ogre_media/materials/glsl120/submap.vert
[0.112s] -- Up-to-date: /home/leoni/cato/install/cartographer_rviz/share/cartographer_rviz/ogre_media/materials/scripts
[0.112s] -- Up-to-date: /home/leoni/cato/install/cartographer_rviz/share/cartographer_rviz/ogre_media/materials/scripts/submap.material
[0.112s] -- Up-to-date: /home/leoni/cato/install/cartographer_rviz/share/ament_index/resource_index/rviz_ogre_media_exports/cartographer_rviz
[0.112s] -- Up-to-date: /home/leoni/cato/install/cartographer_rviz/share/cartographer_rviz/cmake/cartographer_rvizExport.cmake
[0.112s] -- Up-to-date: /home/leoni/cato/install/cartographer_rviz/share/cartographer_rviz/cmake/cartographer_rvizExport-release.cmake
[0.112s] -- Up-to-date: /home/leoni/cato/install/cartographer_rviz/share/cartographer_rviz/cmake/ament_cmake_export_include_directories-extras.cmake
[0.113s] -- Up-to-date: /home/leoni/cato/install/cartographer_rviz/share/cartographer_rviz/cmake/ament_cmake_export_targets-extras.cmake
[0.113s] -- Up-to-date: /home/leoni/cato/install/cartographer_rviz/share/cartographer_rviz/cmake/ament_cmake_export_dependencies-extras.cmake
[0.113s] -- Up-to-date: /home/leoni/cato/install/cartographer_rviz/share/cartographer_rviz/cmake/cartographer_rvizConfig.cmake
[0.113s] -- Up-to-date: /home/leoni/cato/install/cartographer_rviz/share/cartographer_rviz/cmake/cartographer_rvizConfig-version.cmake
[0.113s] -- Up-to-date: /home/leoni/cato/install/cartographer_rviz/share/cartographer_rviz/package.xml
[0.114s] Invoked command in '/home/leoni/cato/build/cartographer_rviz' returned '0': AMENT_PREFIX_PATH=/home/leoni/cato/install/cartographer_ros:/home/leoni/cato/install/cartographer_ros_msgs:${AMENT_PREFIX_PATH} CMAKE_PREFIX_PATH=/home/leoni/cato/install/cartographer_ros:/home/leoni/cato/install/cartographer_ros_msgs:/home/leoni/turtlebot3_ws/install/turtlebot3:/home/leoni/turtlebot3_ws/install/turtlebot3_simulations:/home/leoni/turtlebot3_ws/install/turtlebot3_bringup:/home/leoni/turtlebot3_ws/install/turtlebot3_node:/home/leoni/turtlebot3_ws/install/turtlebot3_navigation2:/home/leoni/turtlebot3_ws/install/turtlebot3_fake_node:/home/leoni/turtlebot3_ws/install/turtlebot3_msgs:/home/leoni/turtlebot3_ws/install/turtlebot3_gazebo:/home/leoni/turtlebot3_ws/install/turtlebot3_description:/home/leoni/turtlebot3_ws/install/turtlebot3_cartographer:/home/leoni/turtlebot3_ws/install/dynamixel_sdk_examples:/home/leoni/turtlebot3_ws/install/dynamixel_sdk_custom_interfaces:/home/leoni/turtlebot3_ws/install/dynamixel_sdk:/home/leoni/stage/install/stage_ros2:/home/leoni/stage/install/Stage:/home/leoni/Desktop/robotica/brazo/install/cubo_urdf:/home/leoni/turtlebot3_ws/install/turtlebot3_teleop:/home/leoni/turtlebot3_ws/install/turtlebot3_example:/opt/ros/humble LD_LIBRARY_PATH=/home/leoni/cato/install/cartographer_ros/lib:/home/leoni/cato/install/cartographer_ros_msgs/lib:${LD_LIBRARY_PATH} PYTHONPATH=/home/leoni/cato/install/cartographer_ros_msgs/local/lib/python3.10/dist-packages:${PYTHONPATH} /usr/bin/cmake --install /home/leoni/cato/build/cartographer_rviz
