[0.765s] Invoking command in '/home/leoni/cato/src/lemov': PYTHONPATH=/home/leoni/cato/build/lemov/prefix_override:/usr/lib/python3/dist-packages/colcon_core/task/python/colcon_distutils_commands:/home/leoni/cato/install/lemov/lib/python3.10/site-packages:${PYTHONPATH} /usr/bin/python3 -W ignore:setup.py install is deprecated -W ignore:easy_install command is deprecated setup.py egg_info --egg-base ../../build/lemov build --build-base /home/leoni/cato/build/lemov/build install --record /home/leoni/cato/build/lemov/install.log --single-version-externally-managed install_data
[0.957s] running egg_info
[0.957s] writing ../../build/lemov/lemov.egg-info/PKG-INFO
[0.958s] writing dependency_links to ../../build/lemov/lemov.egg-info/dependency_links.txt
[0.958s] writing entry points to ../../build/lemov/lemov.egg-info/entry_points.txt
[0.958s] writing requirements to ../../build/lemov/lemov.egg-info/requires.txt
[0.958s] writing top-level names to ../../build/lemov/lemov.egg-info/top_level.txt
[0.959s] reading manifest file '../../build/lemov/lemov.egg-info/SOURCES.txt'
[0.960s] writing manifest file '../../build/lemov/lemov.egg-info/SOURCES.txt'
[0.960s] running build
[0.960s] running build_py
[0.960s] running install
[0.961s] running install_lib
[0.962s] running install_data
[0.962s] running install_egg_info
[0.963s] removing '/home/leoni/cato/install/lemov/lib/python3.10/site-packages/lemov-0.0.0-py3.10.egg-info' (and everything under it)
[0.963s] Copying ../../build/lemov/lemov.egg-info to /home/leoni/cato/install/lemov/lib/python3.10/site-packages/lemov-0.0.0-py3.10.egg-info
[0.964s] running install_scripts
[0.981s] Installing move script to /home/leoni/cato/install/lemov/lib/lemov
[0.981s] Installing movisen script to /home/leoni/cato/install/lemov/lib/lemov
[0.981s] Installing sensori script to /home/leoni/cato/install/lemov/lib/lemov
[0.982s] writing list of installed files to '/home/leoni/cato/build/lemov/install.log'
[0.999s] Invoked command in '/home/leoni/cato/src/lemov' returned '0': PYTHONPATH=/home/leoni/cato/build/lemov/prefix_override:/usr/lib/python3/dist-packages/colcon_core/task/python/colcon_distutils_commands:/home/leoni/cato/install/lemov/lib/python3.10/site-packages:${PYTHONPATH} /usr/bin/python3 -W ignore:setup.py install is deprecated -W ignore:easy_install command is deprecated setup.py egg_info --egg-base ../../build/lemov build --build-base /home/leoni/cato/build/lemov/build install --record /home/leoni/cato/build/lemov/install.log --single-version-externally-managed install_data
