[0.021s] Invoking command in '/home/leoni/cato/build/Stage': /usr/bin/cmake /home/leoni/cato/src/Stage -DCMAKE_INSTALL_PREFIX=/home/leoni/cato/install/Stage
[0.365s] -- The C compiler identification is GNU 11.4.0
[0.365s] -- The CXX compiler identification is GNU 11.4.0
[0.365s] -- Detecting C compiler ABI info
[0.365s] -- Detecting C compiler ABI info - done
[0.365s] -- Check for working C compiler: /usr/bin/cc - skipped
[0.365s] -- Detecting C compile features
[0.365s] -- Detecting C compile features - done
[0.365s] -- Detecting CXX compiler ABI info
[0.365s] -- Detecting CXX compiler ABI info - done
[0.365s] -- Check for working CXX compiler: /usr/bin/c++ - skipped
[0.365s] -- Detecting CXX compile features
[0.365s] -- Detecting CXX compile features - done
[0.365s] -- Stage version 4.3.0
[0.365s] -- Operating system is Linux
[0.365s] -- Installing Libraries to /home/leoni/cato/install/Stage/lib
[0.365s] -- Installing Plugins to /home/leoni/cato/install/Stage/lib/Stage-4.3
[0.365s] -- Build type RELEASE
[0.366s] -- Checking for libtool
[0.366s] -- Checking for required libraries...
[0.366s] -- Found JPEG: /usr/lib/x86_64-linux-gnu/libjpeg.so (found version "80") 
[0.366s] -- Found ZLIB: /usr/lib/x86_64-linux-gnu/libz.so (found version "1.2.11") 
[0.366s] -- Found PNG: /usr/lib/x86_64-linux-gnu/libpng.so (found version "1.6.37") 
[0.366s] -- Found OpenGL: /usr/lib/x86_64-linux-gnu/libOpenGL.so   
[0.366s] -- Found X11: /usr/include   
[0.366s] -- Looking for XOpenDisplay in /usr/lib/x86_64-linux-gnu/libX11.so;/usr/lib/x86_64-linux-gnu/libXext.so
[0.366s] -- Looking for XOpenDisplay in /usr/lib/x86_64-linux-gnu/libX11.so;/usr/lib/x86_64-linux-gnu/libXext.so - found
[0.366s] -- Looking for gethostbyname
[0.366s] [33mCMake Warning (dev) at /usr/share/cmake-3.22/Modules/FindOpenGL.cmake:315 (message):
[0.366s]   Policy CMP0072 is not set: FindOpenGL prefers GLVND by default when
[0.366s]   available.  Run "cmake --help-policy CMP0072" for policy details.  Use the
[0.366s]   cmake_policy command to set the policy and suppress this warning.
[0.366s] 
[0.366s]   FindOpenGL found both a legacy GL library:
[0.366s] 
[0.366s]     OPENGL_gl_LIBRARY: /usr/lib/x86_64-linux-gnu/libGL.so
[0.367s] 
[0.367s]   and GLVND libraries for OpenGL and GLX:
[0.367s] 
[0.367s]     OPENGL_opengl_LIBRARY: /usr/lib/x86_64-linux-gnu/libOpenGL.so
[0.367s]     OPENGL_glx_LIBRARY: /usr/lib/x86_64-linux-gnu/libGLX.so
[0.367s] 
[0.367s]   OpenGL_GL_PREFERENCE has not been set to "GLVND" or "LEGACY", so for
[0.367s]   compatibility with CMake 3.10 and below the legacy GL library will be used.
[0.367s] Call Stack (most recent call first):
[0.367s]   /usr/share/cmake-3.22/Modules/FindFLTK.cmake:87 (find_package)
[0.367s]   CMakeLists.txt:100 (find_package)
[0.367s] This warning is for project developers.  Use -Wno-dev to suppress it.
[0.367s] [0m
[0.404s] -- Looking for gethostbyname - found
[0.404s] -- Looking for connect
[0.457s] -- Looking for connect - found
[0.457s] -- Looking for remove
[0.508s] -- Looking for remove - found
[0.508s] -- Looking for shmat
[0.561s] -- Looking for shmat - found
[0.561s] -- Looking for IceConnectionNumber in ICE
[0.616s] -- Looking for IceConnectionNumber in ICE - found
[0.621s] -- Found FLTK: fltk_images;fltk_forms;fltk_gl;/usr/lib/x86_64-linux-gnu/libGL.so;fltk  
[0.623s] -- Checking for optional libraries...
[0.624s] -- Installation path CMAKE_INSTALL_PREFIX=/home/leoni/cato/install/Stage
[0.624s] -- Configuring libstage
[0.633s] -- Found PkgConfig: /usr/bin/pkg-config (found version "0.29.2") 
[0.634s] -- Checking for one of the modules 'playercore>=2.1.0'
[0.637s] --   * Player not detected. If Player is installed but not detected, check your PKG_CONFIG_PATH.
[0.648s] -- Configuring done
[0.679s] -- Generating done
[0.684s] -- Build files have been written to: /home/leoni/cato/build/Stage
[0.691s] Invoked command in '/home/leoni/cato/build/Stage' returned '0': /usr/bin/cmake /home/leoni/cato/src/Stage -DCMAKE_INSTALL_PREFIX=/home/leoni/cato/install/Stage
[0.693s] Invoking command in '/home/leoni/cato/build/Stage': /usr/bin/cmake --build /home/leoni/cato/build/Stage -- -j16 -l16
[0.740s] [  1%] [32mBuilding CXX object libstage/CMakeFiles/stage.dir/block.cc.o[0m
[0.740s] [  3%] [32mBuilding CXX object libstage/CMakeFiles/stage.dir/camera.cc.o[0m
[0.740s] [  5%] [32mBuilding CXX object libstage/CMakeFiles/stage.dir/file_manager.cc.o[0m
[0.740s] [  6%] [32mBuilding CXX object libstage/CMakeFiles/stage.dir/color.cc.o[0m
[0.741s] [  8%] [32mBuilding CXX object libstage/CMakeFiles/stage.dir/gl.cc.o[0m
[0.741s] [ 10%] [32mBuilding CXX object libstage/CMakeFiles/stage.dir/model.cc.o[0m
[0.741s] [ 11%] [32mBuilding CXX object libstage/CMakeFiles/stage.dir/model_actuator.cc.o[0m
[0.741s] [ 13%] [32mBuilding CXX object libstage/CMakeFiles/stage.dir/model_blobfinder.cc.o[0m
[0.741s] [ 15%] [32mBuilding CXX object libstage/CMakeFiles/stage.dir/logentry.cc.o[0m
[0.741s] [ 16%] [32mBuilding CXX object libstage/CMakeFiles/stage.dir/blockgroup.cc.o[0m
[0.741s] [ 18%] [32mBuilding CXX object libstage/CMakeFiles/stage.dir/model_blinkenlight.cc.o[0m
[0.747s] [ 20%] [32mBuilding CXX object libstage/CMakeFiles/stage.dir/model_bumper.cc.o[0m
[0.748s] [ 22%] [32mBuilding CXX object libstage/CMakeFiles/stage.dir/model_camera.cc.o[0m
[0.748s] [ 23%] [32mBuilding CXX object libstage/CMakeFiles/stage.dir/model_draw.cc.o[0m
[0.749s] [ 25%] [32mBuilding CXX object libstage/CMakeFiles/stage.dir/model_callbacks.cc.o[0m
[0.782s] [ 27%] [32mBuilding CXX object libstage/CMakeFiles/stage.dir/model_fiducial.cc.o[0m
[2.167s] [ 30%] [32mBuilding CXX object libstage/CMakeFiles/stage.dir/model_gripper.cc.o[0m
[2.168s] [ 30%] [32mBuilding CXX object libstage/CMakeFiles/stage.dir/model_lightindicator.cc.o[0m
[2.276s] [ 32%] [32mBuilding CXX object libstage/CMakeFiles/stage.dir/model_position.cc.o[0m
[2.349s] [ 33%] [32mBuilding CXX object libstage/CMakeFiles/stage.dir/model_ranger.cc.o[0m
[2.472s] [ 35%] [32mBuilding CXX object libstage/CMakeFiles/stage.dir/option.cc.o[0m
[2.526s] [ 37%] [32mBuilding CXX object libstage/CMakeFiles/stage.dir/powerpack.cc.o[0m
[2.569s] [ 38%] [32mBuilding CXX object libstage/CMakeFiles/stage.dir/region.cc.o[0m
[2.585s] [ 40%] [32mBuilding CXX object libstage/CMakeFiles/stage.dir/stage.cc.o[0m
[2.611s] [ 42%] [32mBuilding CXX object libstage/CMakeFiles/stage.dir/texture_manager.cc.o[0m
[2.640s] [ 44%] [32mBuilding CXX object libstage/CMakeFiles/stage.dir/typetable.cc.o[0m
[2.677s] [ 45%] [32mBuilding CXX object libstage/CMakeFiles/stage.dir/world.cc.o[0m
[2.689s] [ 47%] [32mBuilding CXX object libstage/CMakeFiles/stage.dir/worldfile.cc.o[0m
[2.795s] [ 49%] [32mBuilding CXX object libstage/CMakeFiles/stage.dir/canvas.cc.o[0m
[2.818s] [ 50%] [32mBuilding CXX object libstage/CMakeFiles/stage.dir/options_dlg.cc.o[0m
[3.040s] [ 52%] [32mBuilding CXX object libstage/CMakeFiles/stage.dir/vis_strip.cc.o[0m
[3.632s] [ 54%] [32mBuilding CXX object libstage/CMakeFiles/stage.dir/worldgui.cc.o[0m
[4.053s] [ 55%] [32mBuilding CXX object libstage/CMakeFiles/stage.dir/ancestor.cc.o[0m
[5.558s] [ 57%] [32m[1mLinking CXX shared library libstage.so[0m
[5.653s] [ 57%] Built target stage
[5.682s] [ 61%] [32mBuilding CXX object worlds/benchmark/CMakeFiles/expand_pioneer.dir/expand_pioneer.cc.o[0m
[5.683s] [ 61%] [32mBuilding CXX object libstage/CMakeFiles/stagebinary.dir/main.cc.o[0m
[5.683s] [ 62%] [32mBuilding CXX object examples/ctrl/CMakeFiles/wander.dir/wander.cc.o[0m
[5.683s] [ 67%] [32mBuilding CXX object examples/ctrl/CMakeFiles/fasr2.dir/fasr2.cc.o[0m
[5.683s] [ 67%] [32mBuilding CXX object examples/ctrl/CMakeFiles/fasr.dir/fasr.cc.o[0m
[5.683s] [ 67%] [32mBuilding CXX object examples/ctrl/CMakeFiles/rasterize.dir/rasterize.cc.o[0m
[5.683s] [ 69%] [32mBuilding CXX object examples/ctrl/CMakeFiles/source.dir/source.cc.o[0m
[5.683s] [ 71%] [32mBuilding CXX object examples/ctrl/CMakeFiles/pioneer_flocking.dir/pioneer_flocking.cc.o[0m
[5.683s] [ 72%] [32mBuilding CXX object examples/ctrl/CMakeFiles/dynamic.dir/dynamic.cc.o[0m
[5.683s] [ 74%] [32mBuilding CXX object examples/ctrl/CMakeFiles/sink.dir/sink.cc.o[0m
[5.683s] [ 76%] [32mBuilding CXX object examples/ctrl/CMakeFiles/lasernoise.dir/lasernoise.cc.o[0m
[5.683s] [ 77%] [32mBuilding CXX object worlds/benchmark/CMakeFiles/expand_swarm.dir/expand_swarm.cc.o[0m
[5.684s] [ 79%] [32mBuilding CXX object examples/ctrl/CMakeFiles/fasr2.dir/astar/findpath.cpp.o[0m
[7.146s] [ 81%] [32m[1mLinking CXX shared module sink.so[0m
[7.176s] [ 83%] [32m[1mLinking CXX shared module lasernoise.so[0m
[7.248s] [ 84%] [32m[1mLinking CXX shared module pioneer_flocking.so[0m
[7.329s] [ 84%] Built target lasernoise
[7.354s] [ 86%] [32m[1mLinking CXX executable stage[0m
[7.415s] [ 88%] [32m[1mLinking CXX shared module rasterize.so[0m
[7.423s] [ 88%] Built target sink
[7.432s] [ 89%] [32m[1mLinking CXX shared module fasr.so[0m
[7.440s] [ 91%] [32m[1mLinking CXX shared module expand_swarm.so[0m
[7.456s] [ 93%] [32m[1mLinking CXX shared module source.so[0m
[7.471s] [ 93%] Built target pioneer_flocking
[7.549s] [ 94%] [32m[1mLinking CXX shared module dynamic.so[0m
[7.584s] [ 94%] Built target stagebinary
[7.586s] [ 94%] Built target rasterize
[7.588s] [ 94%] Built target fasr
[7.596s] [ 94%] Built target source
[7.597s] [ 94%] Built target expand_swarm
[7.603s] [ 96%] [32m[1mLinking CXX shared module wander.so[0m
[7.624s] [ 98%] [32m[1mLinking CXX shared module expand_pioneer.so[0m
[7.671s] [ 98%] Built target dynamic
[7.685s] [ 98%] Built target wander
[7.746s] [ 98%] Built target expand_pioneer
[7.910s] [100%] [32m[1mLinking CXX shared module fasr2.so[0m
[7.993s] [100%] Built target fasr2
[8.005s] Invoked command in '/home/leoni/cato/build/Stage' returned '0': /usr/bin/cmake --build /home/leoni/cato/build/Stage -- -j16 -l16
[8.007s] Invoking command in '/home/leoni/cato/build/Stage': /usr/bin/cmake --install /home/leoni/cato/build/Stage
[8.013s] -- Install configuration: "RELEASE"
[8.014s] -- Installing: /home/leoni/cato/install/Stage/lib/pkgconfig/stage.pc
[8.014s] -- Installing: /home/leoni/cato/install/Stage/lib/cmake/Stage/stage-config.cmake
[8.014s] -- Installing: /home/leoni/cato/install/Stage/lib/cmake/Stage/stage-config-version.cmake
[8.014s] -- Installing: /home/leoni/cato/install/Stage/bin/stage
[8.014s] -- Set runtime path of "/home/leoni/cato/install/Stage/bin/stage" to ""
[8.014s] -- Installing: /home/leoni/cato/install/Stage/lib/libstage.so.4.3.0
[8.015s] -- Installing: /home/leoni/cato/install/Stage/lib/libstage.so
[8.015s] -- Installing: /home/leoni/cato/install/Stage/include/Stage-4.3/stage.hh
[8.015s] -- Installing: /home/leoni/cato/install/Stage/lib/Stage-4.3/fasr.so
[8.016s] -- Set runtime path of "/home/leoni/cato/install/Stage/lib/Stage-4.3/fasr.so" to ""
[8.016s] -- Installing: /home/leoni/cato/install/Stage/lib/Stage-4.3/sink.so
[8.016s] -- Set runtime path of "/home/leoni/cato/install/Stage/lib/Stage-4.3/sink.so" to ""
[8.016s] -- Installing: /home/leoni/cato/install/Stage/lib/Stage-4.3/source.so
[8.016s] -- Set runtime path of "/home/leoni/cato/install/Stage/lib/Stage-4.3/source.so" to ""
[8.016s] -- Installing: /home/leoni/cato/install/Stage/lib/Stage-4.3/wander.so
[8.016s] -- Set runtime path of "/home/leoni/cato/install/Stage/lib/Stage-4.3/wander.so" to ""
[8.017s] -- Installing: /home/leoni/cato/install/Stage/lib/Stage-4.3/pioneer_flocking.so
[8.017s] -- Set runtime path of "/home/leoni/cato/install/Stage/lib/Stage-4.3/pioneer_flocking.so" to ""
[8.017s] -- Installing: /home/leoni/cato/install/Stage/lib/Stage-4.3/rasterize.so
[8.017s] -- Set runtime path of "/home/leoni/cato/install/Stage/lib/Stage-4.3/rasterize.so" to ""
[8.017s] -- Installing: /home/leoni/cato/install/Stage/lib/Stage-4.3/lasernoise.so
[8.017s] -- Set runtime path of "/home/leoni/cato/install/Stage/lib/Stage-4.3/lasernoise.so" to ""
[8.017s] -- Installing: /home/leoni/cato/install/Stage/lib/Stage-4.3/dynamic.so
[8.017s] -- Set runtime path of "/home/leoni/cato/install/Stage/lib/Stage-4.3/dynamic.so" to ""
[8.018s] -- Installing: /home/leoni/cato/install/Stage/lib/Stage-4.3/fasr2.so
[8.018s] -- Set runtime path of "/home/leoni/cato/install/Stage/lib/Stage-4.3/fasr2.so" to ""
[8.018s] -- Installing: /home/leoni/cato/install/Stage/share/stage/assets/blue.png
[8.018s] -- Installing: /home/leoni/cato/install/Stage/share/stage/assets/death.png
[8.018s] -- Installing: /home/leoni/cato/install/Stage/share/stage/assets/green.png
[8.018s] -- Installing: /home/leoni/cato/install/Stage/share/stage/assets/logo.png
[8.018s] -- Installing: /home/leoni/cato/install/Stage/share/stage/assets/mains.png
[8.018s] -- Installing: /home/leoni/cato/install/Stage/share/stage/assets/mainspower.png
[8.018s] -- Installing: /home/leoni/cato/install/Stage/share/stage/assets/question_mark.png
[8.018s] -- Installing: /home/leoni/cato/install/Stage/share/stage/assets/red.png
[8.018s] -- Installing: /home/leoni/cato/install/Stage/share/stage/assets/stagelogo.png
[8.019s] -- Installing: /home/leoni/cato/install/Stage/share/stage/assets/stall-old.png
[8.019s] -- Installing: /home/leoni/cato/install/Stage/share/stage/assets/stall.png
[8.019s] -- Installing: /home/leoni/cato/install/Stage/share/stage/assets/rgb.txt
[8.019s] -- Installing: /home/leoni/cato/install/Stage/share/stage/rgb.txt
[8.019s] -- Installing: /home/leoni/cato/install/Stage/share/stage/worlds/amcl-sonar.cfg
[8.019s] -- Installing: /home/leoni/cato/install/Stage/share/stage/worlds/autolab.cfg
[8.019s] -- Installing: /home/leoni/cato/install/Stage/share/stage/worlds/camera.cfg
[8.019s] -- Installing: /home/leoni/cato/install/Stage/share/stage/worlds/everything.cfg
[8.020s] -- Installing: /home/leoni/cato/install/Stage/share/stage/worlds/lsp_test.cfg
[8.020s] -- Installing: /home/leoni/cato/install/Stage/share/stage/worlds/mbicp.cfg
[8.020s] -- Installing: /home/leoni/cato/install/Stage/share/stage/worlds/nd.cfg
[8.020s] -- Installing: /home/leoni/cato/install/Stage/share/stage/worlds/roomba.cfg
[8.020s] -- Installing: /home/leoni/cato/install/Stage/share/stage/worlds/simple.cfg
[8.020s] -- Installing: /home/leoni/cato/install/Stage/share/stage/worlds/test.cfg
[8.020s] -- Installing: /home/leoni/cato/install/Stage/share/stage/worlds/uoa_robotics_lab.cfg
[8.021s] -- Installing: /home/leoni/cato/install/Stage/share/stage/worlds/vfh.cfg
[8.021s] -- Installing: /home/leoni/cato/install/Stage/share/stage/worlds/wavefront-remote.cfg
[8.021s] -- Installing: /home/leoni/cato/install/Stage/share/stage/worlds/wavefront.cfg
[8.021s] -- Installing: /home/leoni/cato/install/Stage/share/stage/worlds/wifi.cfg
[8.021s] -- Installing: /home/leoni/cato/install/Stage/share/stage/worlds/SFU.world
[8.021s] -- Installing: /home/leoni/cato/install/Stage/share/stage/worlds/autolab.world
[8.021s] -- Installing: /home/leoni/cato/install/Stage/share/stage/worlds/camera.world
[8.021s] -- Installing: /home/leoni/cato/install/Stage/share/stage/worlds/circuit.world
[8.021s] -- Installing: /home/leoni/cato/install/Stage/share/stage/worlds/everything.world
[8.021s] -- Installing: /home/leoni/cato/install/Stage/share/stage/worlds/fasr.world
[8.021s] -- Installing: /home/leoni/cato/install/Stage/share/stage/worlds/fasr2.world
[8.021s] -- Installing: /home/leoni/cato/install/Stage/share/stage/worlds/fasr_plan.world
[8.022s] -- Installing: /home/leoni/cato/install/Stage/share/stage/worlds/large.world
[8.022s] -- Installing: /home/leoni/cato/install/Stage/share/stage/worlds/lsp_test.world
[8.022s] -- Installing: /home/leoni/cato/install/Stage/share/stage/worlds/mbicp.world
[8.022s] -- Installing: /home/leoni/cato/install/Stage/share/stage/worlds/pioneer_flocking.world
[8.022s] -- Installing: /home/leoni/cato/install/Stage/share/stage/worlds/pioneer_follow.world
[8.022s] -- Installing: /home/leoni/cato/install/Stage/share/stage/worlds/pioneer_walle.world
[8.022s] -- Installing: /home/leoni/cato/install/Stage/share/stage/worlds/roomba.world
[8.022s] -- Installing: /home/leoni/cato/install/Stage/share/stage/worlds/sensor_noise_demo.world
[8.022s] -- Installing: /home/leoni/cato/install/Stage/share/stage/worlds/sensor_noise_module_demo.world
[8.022s] -- Installing: /home/leoni/cato/install/Stage/share/stage/worlds/simple.world
[8.022s] -- Installing: /home/leoni/cato/install/Stage/share/stage/worlds/uoa_robotics_lab.world
[8.023s] -- Installing: /home/leoni/cato/install/Stage/share/stage/worlds/wifi.world
[8.023s] -- Installing: /home/leoni/cato/install/Stage/share/stage/worlds/beacons.inc
[8.023s] -- Installing: /home/leoni/cato/install/Stage/share/stage/worlds/chatterbox.inc
[8.023s] -- Installing: /home/leoni/cato/install/Stage/share/stage/worlds/hokuyo.inc
[8.023s] -- Installing: /home/leoni/cato/install/Stage/share/stage/worlds/irobot.inc
[8.023s] -- Installing: /home/leoni/cato/install/Stage/share/stage/worlds/map.inc
[8.023s] -- Installing: /home/leoni/cato/install/Stage/share/stage/worlds/objects.inc
[8.023s] -- Installing: /home/leoni/cato/install/Stage/share/stage/worlds/pantilt.inc
[8.024s] -- Installing: /home/leoni/cato/install/Stage/share/stage/worlds/pioneer.inc
[8.024s] -- Installing: /home/leoni/cato/install/Stage/share/stage/worlds/sick.inc
[8.024s] -- Installing: /home/leoni/cato/install/Stage/share/stage/worlds/ubot.inc
[8.024s] -- Installing: /home/leoni/cato/install/Stage/share/stage/worlds/uoa_robotics_lab_models.inc
[8.024s] -- Installing: /home/leoni/cato/install/Stage/share/stage/worlds/walle.inc
[8.024s] -- Installing: /home/leoni/cato/install/Stage/share/stage/worlds/cfggen.sh
[8.024s] -- Installing: /home/leoni/cato/install/Stage/share/stage/worlds/test.sh
[8.024s] -- Installing: /home/leoni/cato/install/Stage/share/stage/worlds/worldgen.sh
[8.025s] -- Installing: /home/leoni/cato/install/Stage/lib/Stage-4.3/expand_swarm.so
[8.025s] -- Set runtime path of "/home/leoni/cato/install/Stage/lib/Stage-4.3/expand_swarm.so" to ""
[8.025s] -- Installing: /home/leoni/cato/install/Stage/lib/Stage-4.3/expand_pioneer.so
[8.025s] -- Set runtime path of "/home/leoni/cato/install/Stage/lib/Stage-4.3/expand_pioneer.so" to ""
[8.025s] -- Installing: /home/leoni/cato/install/Stage/share/stage/worlds/bitmaps/889_05.png
[8.025s] -- Installing: /home/leoni/cato/install/Stage/share/stage/worlds/bitmaps/SFU_1200x615.png
[8.025s] -- Installing: /home/leoni/cato/install/Stage/share/stage/worlds/bitmaps/SRI-AIC-kwing.png
[8.025s] -- Installing: /home/leoni/cato/install/Stage/share/stage/worlds/bitmaps/autolab.png
[8.025s] -- Installing: /home/leoni/cato/install/Stage/share/stage/worlds/bitmaps/cave.png
[8.025s] -- Installing: /home/leoni/cato/install/Stage/share/stage/worlds/bitmaps/cave_compact.png
[8.025s] -- Installing: /home/leoni/cato/install/Stage/share/stage/worlds/bitmaps/cave_filled.png
[8.026s] -- Installing: /home/leoni/cato/install/Stage/share/stage/worlds/bitmaps/frieburg.png
[8.026s] -- Installing: /home/leoni/cato/install/Stage/share/stage/worlds/bitmaps/ghost.png
[8.026s] -- Installing: /home/leoni/cato/install/Stage/share/stage/worlds/bitmaps/hospital.png
[8.026s] -- Installing: /home/leoni/cato/install/Stage/share/stage/worlds/bitmaps/hospital_section.png
[8.026s] -- Installing: /home/leoni/cato/install/Stage/share/stage/worlds/bitmaps/human_outline.png
[8.026s] -- Installing: /home/leoni/cato/install/Stage/share/stage/worlds/bitmaps/mbicp.png
[8.026s] -- Installing: /home/leoni/cato/install/Stage/share/stage/worlds/bitmaps/rink.png
[8.026s] -- Installing: /home/leoni/cato/install/Stage/share/stage/worlds/bitmaps/sal2.png
[8.026s] -- Installing: /home/leoni/cato/install/Stage/share/stage/worlds/bitmaps/simple_rooms.png
[8.026s] -- Installing: /home/leoni/cato/install/Stage/share/stage/worlds/bitmaps/space_invader.png
[8.026s] -- Installing: /home/leoni/cato/install/Stage/share/stage/worlds/bitmaps/submarine.png
[8.027s] -- Installing: /home/leoni/cato/install/Stage/share/stage/worlds/bitmaps/submarine_small.png
[8.027s] -- Installing: /home/leoni/cato/install/Stage/share/stage/worlds/bitmaps/table.png
[8.027s] -- Installing: /home/leoni/cato/install/Stage/share/stage/worlds/bitmaps/uoa_robotics_lab.png
[8.027s] -- Installing: /home/leoni/cato/install/Stage/share/stage/worlds/wifi/commando.world
[8.027s] -- Installing: /home/leoni/cato/install/Stage/share/stage/worlds/wifi/hosp_wifi.world
[8.027s] -- Installing: /home/leoni/cato/install/Stage/share/stage/worlds/wifi/hosp_wifi_5.world
[8.027s] -- Installing: /home/leoni/cato/install/Stage/share/stage/worlds/wifi/wifi.world
[8.028s] -- Installing: /home/leoni/cato/install/Stage/share/stage/worlds/wifi/wifi_itu.world
[8.028s] -- Installing: /home/leoni/cato/install/Stage/share/stage/worlds/wifi/wifi_logdistance.world
[8.028s] -- Installing: /home/leoni/cato/install/Stage/share/stage/worlds/wifi/wifi_ray.world
[8.028s] -- Installing: /home/leoni/cato/install/Stage/share/stage/worlds/wifi/wifi_simple.world
[8.028s] -- Installing: /home/leoni/cato/install/Stage/share/stage/worlds/wifi/map.inc
[8.028s] Invoked command in '/home/leoni/cato/build/Stage' returned '0': /usr/bin/cmake --install /home/leoni/cato/build/Stage
