[0.012s] Invoking command in '/home/leoni/cato/build/cartographer_rviz': CMAKE_PREFIX_PATH=/home/leoni/cato/install/cartographer_ros:/home/leoni/cato/install/cartographer_ros_msgs:/home/leoni/cato/install/lol:/home/leoni/cato/install/stage_ros2:/home/leoni/cato/install/navigation_tb3:/home/leoni/cato/install/cartographer_rviz:/home/leoni/cato/install/Stage:/home/leoni/turtlebot3_ws/install/turtlebot3:/home/leoni/turtlebot3_ws/install/turtlebot3_simulations:/home/leoni/turtlebot3_ws/install/turtlebot3_bringup:/home/leoni/turtlebot3_ws/install/turtlebot3_node:/home/leoni/turtlebot3_ws/install/turtlebot3_navigation2:/home/leoni/turtlebot3_ws/install/turtlebot3_fake_node:/home/leoni/turtlebot3_ws/install/turtlebot3_msgs:/home/leoni/turtlebot3_ws/install/turtlebot3_gazebo:/home/leoni/turtlebot3_ws/install/turtlebot3_description:/home/leoni/turtlebot3_ws/install/turtlebot3_cartographer:/home/leoni/turtlebot3_ws/install/dynamixel_sdk_examples:/home/leoni/turtlebot3_ws/install/dynamixel_sdk_custom_interfaces:/home/leoni/turtlebot3_ws/install/dynamixel_sdk:/home/leoni/stage/install/stage_ros2:/home/leoni/stage/install/Stage:/home/leoni/Desktop/robotica/brazo/install/cubo_urdf:/home/leoni/cato/install/lemove:/home/leoni/cato/install/lemov:/home/leoni/turtlebot3_ws/install/turtlebot3_teleop:/home/leoni/turtlebot3_ws/install/turtlebot3_example:/opt/ros/humble LD_LIBRARY_PATH=/home/leoni/cato/install/cartographer_ros_msgs/lib:/home/leoni/cato/install/stage_ros2/lib:/home/leoni/cato/install/cartographer_rviz/lib:/home/leoni/cato/install/cartographer_ros/lib:/home/leoni/cato/install/Stage/lib:/home/leoni/turtlebot3_ws/install/turtlebot3_msgs/lib:/home/leoni/turtlebot3_ws/install/dynamixel_sdk_custom_interfaces/lib:/home/leoni/turtlebot3_ws/install/dynamixel_sdk/lib:/home/leoni/stage/install/stage_ros2/lib:/home/leoni/stage/install/Stage/lib:/usr/lib/x86_64-linux-gnu/gazebo-11/plugins:/opt/ros/humble/opt/rviz_ogre_vendor/lib:/opt/ros/humble/lib/x86_64-linux-gnu:/opt/ros/humble/lib /usr/bin/cmake --build /home/leoni/cato/build/cartographer_rviz -- -j16 -l16
[0.052s] [ 16%] [34m[1mAutomatic MOC for target cartographer_rviz[0m
[0.055s] [ 16%] Built target cartographer_rviz_detect_changes
[0.071s] [ 16%] Built target cartographer_rviz_autogen
[0.104s] [100%] Built target cartographer_rviz
[0.112s] Invoked command in '/home/leoni/cato/build/cartographer_rviz' returned '0': CMAKE_PREFIX_PATH=/home/leoni/cato/install/cartographer_ros:/home/leoni/cato/install/cartographer_ros_msgs:/home/leoni/cato/install/lol:/home/leoni/cato/install/stage_ros2:/home/leoni/cato/install/navigation_tb3:/home/leoni/cato/install/cartographer_rviz:/home/leoni/cato/install/Stage:/home/leoni/turtlebot3_ws/install/turtlebot3:/home/leoni/turtlebot3_ws/install/turtlebot3_simulations:/home/leoni/turtlebot3_ws/install/turtlebot3_bringup:/home/leoni/turtlebot3_ws/install/turtlebot3_node:/home/leoni/turtlebot3_ws/install/turtlebot3_navigation2:/home/leoni/turtlebot3_ws/install/turtlebot3_fake_node:/home/leoni/turtlebot3_ws/install/turtlebot3_msgs:/home/leoni/turtlebot3_ws/install/turtlebot3_gazebo:/home/leoni/turtlebot3_ws/install/turtlebot3_description:/home/leoni/turtlebot3_ws/install/turtlebot3_cartographer:/home/leoni/turtlebot3_ws/install/dynamixel_sdk_examples:/home/leoni/turtlebot3_ws/install/dynamixel_sdk_custom_interfaces:/home/leoni/turtlebot3_ws/install/dynamixel_sdk:/home/leoni/stage/install/stage_ros2:/home/leoni/stage/install/Stage:/home/leoni/Desktop/robotica/brazo/install/cubo_urdf:/home/leoni/cato/install/lemove:/home/leoni/cato/install/lemov:/home/leoni/turtlebot3_ws/install/turtlebot3_teleop:/home/leoni/turtlebot3_ws/install/turtlebot3_example:/opt/ros/humble LD_LIBRARY_PATH=/home/leoni/cato/install/cartographer_ros_msgs/lib:/home/leoni/cato/install/stage_ros2/lib:/home/leoni/cato/install/cartographer_rviz/lib:/home/leoni/cato/install/cartographer_ros/lib:/home/leoni/cato/install/Stage/lib:/home/leoni/turtlebot3_ws/install/turtlebot3_msgs/lib:/home/leoni/turtlebot3_ws/install/dynamixel_sdk_custom_interfaces/lib:/home/leoni/turtlebot3_ws/install/dynamixel_sdk/lib:/home/leoni/stage/install/stage_ros2/lib:/home/leoni/stage/install/Stage/lib:/usr/lib/x86_64-linux-gnu/gazebo-11/plugins:/opt/ros/humble/opt/rviz_ogre_vendor/lib:/opt/ros/humble/lib/x86_64-linux-gnu:/opt/ros/humble/lib /usr/bin/cmake --build /home/leoni/cato/build/cartographer_rviz -- -j16 -l16
[0.114s] Invoking command in '/home/leoni/cato/build/cartographer_rviz': CMAKE_PREFIX_PATH=/home/leoni/cato/install/cartographer_ros:/home/leoni/cato/install/cartographer_ros_msgs:/home/leoni/cato/install/lol:/home/leoni/cato/install/stage_ros2:/home/leoni/cato/install/navigation_tb3:/home/leoni/cato/install/cartographer_rviz:/home/leoni/cato/install/Stage:/home/leoni/turtlebot3_ws/install/turtlebot3:/home/leoni/turtlebot3_ws/install/turtlebot3_simulations:/home/leoni/turtlebot3_ws/install/turtlebot3_bringup:/home/leoni/turtlebot3_ws/install/turtlebot3_node:/home/leoni/turtlebot3_ws/install/turtlebot3_navigation2:/home/leoni/turtlebot3_ws/install/turtlebot3_fake_node:/home/leoni/turtlebot3_ws/install/turtlebot3_msgs:/home/leoni/turtlebot3_ws/install/turtlebot3_gazebo:/home/leoni/turtlebot3_ws/install/turtlebot3_description:/home/leoni/turtlebot3_ws/install/turtlebot3_cartographer:/home/leoni/turtlebot3_ws/install/dynamixel_sdk_examples:/home/leoni/turtlebot3_ws/install/dynamixel_sdk_custom_interfaces:/home/leoni/turtlebot3_ws/install/dynamixel_sdk:/home/leoni/stage/install/stage_ros2:/home/leoni/stage/install/Stage:/home/leoni/Desktop/robotica/brazo/install/cubo_urdf:/home/leoni/cato/install/lemove:/home/leoni/cato/install/lemov:/home/leoni/turtlebot3_ws/install/turtlebot3_teleop:/home/leoni/turtlebot3_ws/install/turtlebot3_example:/opt/ros/humble LD_LIBRARY_PATH=/home/leoni/cato/install/cartographer_ros_msgs/lib:/home/leoni/cato/install/stage_ros2/lib:/home/leoni/cato/install/cartographer_rviz/lib:/home/leoni/cato/install/cartographer_ros/lib:/home/leoni/cato/install/Stage/lib:/home/leoni/turtlebot3_ws/install/turtlebot3_msgs/lib:/home/leoni/turtlebot3_ws/install/dynamixel_sdk_custom_interfaces/lib:/home/leoni/turtlebot3_ws/install/dynamixel_sdk/lib:/home/leoni/stage/install/stage_ros2/lib:/home/leoni/stage/install/Stage/lib:/usr/lib/x86_64-linux-gnu/gazebo-11/plugins:/opt/ros/humble/opt/rviz_ogre_vendor/lib:/opt/ros/humble/lib/x86_64-linux-gnu:/opt/ros/humble/lib /usr/bin/cmake --install /home/leoni/cato/build/cartographer_rviz
[0.120s] -- Install configuration: "Release"
[0.120s] -- Up-to-date: /home/leoni/cato/install/cartographer_rviz/share/cartographer_rviz/rviz_plugin_description.xml
[0.120s] -- Up-to-date: /home/leoni/cato/install/cartographer_rviz/lib/libcartographer_rviz.so
[0.120s] -- Up-to-date: /home/leoni/cato/install/cartographer_rviz/include/
[0.120s] -- Up-to-date: /home/leoni/cato/install/cartographer_rviz/include//cartographer_rviz
[0.120s] -- Up-to-date: /home/leoni/cato/install/cartographer_rviz/include//cartographer_rviz/ogre_slice.h
[0.120s] -- Up-to-date: /home/leoni/cato/install/cartographer_rviz/include//cartographer_rviz/drawable_submap.h
[0.120s] -- Up-to-date: /home/leoni/cato/install/cartographer_rviz/include//cartographer_rviz/submaps_display.h
[0.120s] -- Up-to-date: /home/leoni/cato/install/cartographer_rviz/share/cartographer_rviz/environment/library_path.sh
[0.120s] -- Up-to-date: /home/leoni/cato/install/cartographer_rviz/share/cartographer_rviz/environment/library_path.dsv
[0.120s] -- Up-to-date: /home/leoni/cato/install/cartographer_rviz/share/ament_index/resource_index/package_run_dependencies/cartographer_rviz
[0.120s] -- Up-to-date: /home/leoni/cato/install/cartographer_rviz/share/ament_index/resource_index/parent_prefix_path/cartographer_rviz
[0.121s] -- Up-to-date: /home/leoni/cato/install/cartographer_rviz/share/cartographer_rviz/environment/ament_prefix_path.sh
[0.121s] -- Up-to-date: /home/leoni/cato/install/cartographer_rviz/share/cartographer_rviz/environment/ament_prefix_path.dsv
[0.121s] -- Up-to-date: /home/leoni/cato/install/cartographer_rviz/share/cartographer_rviz/environment/path.sh
[0.121s] -- Up-to-date: /home/leoni/cato/install/cartographer_rviz/share/cartographer_rviz/environment/path.dsv
[0.121s] -- Up-to-date: /home/leoni/cato/install/cartographer_rviz/share/cartographer_rviz/local_setup.bash
[0.121s] -- Up-to-date: /home/leoni/cato/install/cartographer_rviz/share/cartographer_rviz/local_setup.sh
[0.122s] -- Up-to-date: /home/leoni/cato/install/cartographer_rviz/share/cartographer_rviz/local_setup.zsh
[0.122s] -- Up-to-date: /home/leoni/cato/install/cartographer_rviz/share/cartographer_rviz/local_setup.dsv
[0.122s] -- Installing: /home/leoni/cato/install/cartographer_rviz/share/cartographer_rviz/package.dsv
[0.122s] -- Up-to-date: /home/leoni/cato/install/cartographer_rviz/share/ament_index/resource_index/packages/cartographer_rviz
[0.122s] -- Up-to-date: /home/leoni/cato/install/cartographer_rviz/share/ament_index/resource_index/rviz_common__pluginlib__plugin/cartographer_rviz
[0.122s] -- Up-to-date: /home/leoni/cato/install/cartographer_rviz/share/cartographer_rviz/ogre_media/materials/glsl120
[0.122s] -- Up-to-date: /home/leoni/cato/install/cartographer_rviz/share/cartographer_rviz/ogre_media/materials/glsl120/submap.frag
[0.122s] -- Up-to-date: /home/leoni/cato/install/cartographer_rviz/share/cartographer_rviz/ogre_media/materials/glsl120/glsl120.program
[0.122s] -- Up-to-date: /home/leoni/cato/install/cartographer_rviz/share/cartographer_rviz/ogre_media/materials/glsl120/submap.vert
[0.122s] -- Up-to-date: /home/leoni/cato/install/cartographer_rviz/share/cartographer_rviz/ogre_media/materials/scripts
[0.123s] -- Up-to-date: /home/leoni/cato/install/cartographer_rviz/share/cartographer_rviz/ogre_media/materials/scripts/submap.material
[0.123s] -- Up-to-date: /home/leoni/cato/install/cartographer_rviz/share/ament_index/resource_index/rviz_ogre_media_exports/cartographer_rviz
[0.123s] -- Up-to-date: /home/leoni/cato/install/cartographer_rviz/share/cartographer_rviz/cmake/cartographer_rvizExport.cmake
[0.123s] -- Up-to-date: /home/leoni/cato/install/cartographer_rviz/share/cartographer_rviz/cmake/cartographer_rvizExport-release.cmake
[0.123s] -- Up-to-date: /home/leoni/cato/install/cartographer_rviz/share/cartographer_rviz/cmake/ament_cmake_export_include_directories-extras.cmake
[0.123s] -- Up-to-date: /home/leoni/cato/install/cartographer_rviz/share/cartographer_rviz/cmake/ament_cmake_export_targets-extras.cmake
[0.124s] -- Up-to-date: /home/leoni/cato/install/cartographer_rviz/share/cartographer_rviz/cmake/ament_cmake_export_dependencies-extras.cmake
[0.124s] -- Up-to-date: /home/leoni/cato/install/cartographer_rviz/share/cartographer_rviz/cmake/cartographer_rvizConfig.cmake
[0.124s] -- Up-to-date: /home/leoni/cato/install/cartographer_rviz/share/cartographer_rviz/cmake/cartographer_rvizConfig-version.cmake
[0.124s] -- Up-to-date: /home/leoni/cato/install/cartographer_rviz/share/cartographer_rviz/package.xml
[0.124s] Invoked command in '/home/leoni/cato/build/cartographer_rviz' returned '0': CMAKE_PREFIX_PATH=/home/leoni/cato/install/cartographer_ros:/home/leoni/cato/install/cartographer_ros_msgs:/home/leoni/cato/install/lol:/home/leoni/cato/install/stage_ros2:/home/leoni/cato/install/navigation_tb3:/home/leoni/cato/install/cartographer_rviz:/home/leoni/cato/install/Stage:/home/leoni/turtlebot3_ws/install/turtlebot3:/home/leoni/turtlebot3_ws/install/turtlebot3_simulations:/home/leoni/turtlebot3_ws/install/turtlebot3_bringup:/home/leoni/turtlebot3_ws/install/turtlebot3_node:/home/leoni/turtlebot3_ws/install/turtlebot3_navigation2:/home/leoni/turtlebot3_ws/install/turtlebot3_fake_node:/home/leoni/turtlebot3_ws/install/turtlebot3_msgs:/home/leoni/turtlebot3_ws/install/turtlebot3_gazebo:/home/leoni/turtlebot3_ws/install/turtlebot3_description:/home/leoni/turtlebot3_ws/install/turtlebot3_cartographer:/home/leoni/turtlebot3_ws/install/dynamixel_sdk_examples:/home/leoni/turtlebot3_ws/install/dynamixel_sdk_custom_interfaces:/home/leoni/turtlebot3_ws/install/dynamixel_sdk:/home/leoni/stage/install/stage_ros2:/home/leoni/stage/install/Stage:/home/leoni/Desktop/robotica/brazo/install/cubo_urdf:/home/leoni/cato/install/lemove:/home/leoni/cato/install/lemov:/home/leoni/turtlebot3_ws/install/turtlebot3_teleop:/home/leoni/turtlebot3_ws/install/turtlebot3_example:/opt/ros/humble LD_LIBRARY_PATH=/home/leoni/cato/install/cartographer_ros_msgs/lib:/home/leoni/cato/install/stage_ros2/lib:/home/leoni/cato/install/cartographer_rviz/lib:/home/leoni/cato/install/cartographer_ros/lib:/home/leoni/cato/install/Stage/lib:/home/leoni/turtlebot3_ws/install/turtlebot3_msgs/lib:/home/leoni/turtlebot3_ws/install/dynamixel_sdk_custom_interfaces/lib:/home/leoni/turtlebot3_ws/install/dynamixel_sdk/lib:/home/leoni/stage/install/stage_ros2/lib:/home/leoni/stage/install/Stage/lib:/usr/lib/x86_64-linux-gnu/gazebo-11/plugins:/opt/ros/humble/opt/rviz_ogre_vendor/lib:/opt/ros/humble/lib/x86_64-linux-gnu:/opt/ros/humble/lib /usr/bin/cmake --install /home/leoni/cato/build/cartographer_rviz
