running egg_info
creating ../../build/lemove/lemove.egg-info
writing ../../build/lemove/lemove.egg-info/PKG-INFO
writing dependency_links to ../../build/lemove/lemove.egg-info/dependency_links.txt
writing entry points to ../../build/lemove/lemove.egg-info/entry_points.txt
writing requirements to ../../build/lemove/lemove.egg-info/requires.txt
writing top-level names to ../../build/lemove/lemove.egg-info/top_level.txt
writing manifest file '../../build/lemove/lemove.egg-info/SOURCES.txt'
reading manifest file '../../build/lemove/lemove.egg-info/SOURCES.txt'
writing manifest file '../../build/lemove/lemove.egg-info/SOURCES.txt'
running build
running build_py
creating /home/leoni/cato/build/lemove/build
creating /home/leoni/cato/build/lemove/build/lib
creating /home/leoni/cato/build/lemove/build/lib/lemove
copying lemove/moer.py -> /home/leoni/cato/build/lemove/build/lib/lemove
copying lemove/__init__.py -> /home/leoni/cato/build/lemove/build/lib/lemove
running install
running install_lib
creating /home/leoni/cato/install/lemove/lib/python3.10/site-packages/lemove
copying /home/leoni/cato/build/lemove/build/lib/lemove/moer.py -> /home/leoni/cato/install/lemove/lib/python3.10/site-packages/lemove
copying /home/leoni/cato/build/lemove/build/lib/lemove/__init__.py -> /home/leoni/cato/install/lemove/lib/python3.10/site-packages/lemove
byte-compiling /home/leoni/cato/install/lemove/lib/python3.10/site-packages/lemove/moer.py to moer.cpython-310.pyc
byte-compiling /home/leoni/cato/install/lemove/lib/python3.10/site-packages/lemove/__init__.py to __init__.cpython-310.pyc
running install_data
creating /home/leoni/cato/install/lemove/share/ament_index
creating /home/leoni/cato/install/lemove/share/ament_index/resource_index
creating /home/leoni/cato/install/lemove/share/ament_index/resource_index/packages
copying resource/lemove -> /home/leoni/cato/install/lemove/share/ament_index/resource_index/packages
copying package.xml -> /home/leoni/cato/install/lemove/share/lemove
running install_egg_info
Copying ../../build/lemove/lemove.egg-info to /home/leoni/cato/install/lemove/lib/python3.10/site-packages/lemove-0.0.0-py3.10.egg-info
running install_scripts
Installing moer script to /home/leoni/cato/install/lemove/lib/lemove
writing list of installed files to '/home/leoni/cato/build/lemove/install.log'
