[0.635s] Invoking command in '/home/leoni/cato/src/lemove': PYTHONPATH=/home/leoni/cato/build/lemove/prefix_override:/usr/lib/python3/dist-packages/colcon_core/task/python/colcon_distutils_commands:/home/leoni/cato/install/lemove/lib/python3.10/site-packages:${PYTHONPATH} /usr/bin/python3 -W ignore:setup.py install is deprecated -W ignore:easy_install command is deprecated setup.py egg_info --egg-base ../../build/lemove build --build-base /home/leoni/cato/build/lemove/build install --record /home/leoni/cato/build/lemove/install.log --single-version-externally-managed install_data
[1.022s] running egg_info
[1.023s] creating ../../build/lemove/lemove.egg-info
[1.024s] writing ../../build/lemove/lemove.egg-info/PKG-INFO
[1.024s] writing dependency_links to ../../build/lemove/lemove.egg-info/dependency_links.txt
[1.024s] writing entry points to ../../build/lemove/lemove.egg-info/entry_points.txt
[1.024s] writing requirements to ../../build/lemove/lemove.egg-info/requires.txt
[1.024s] writing top-level names to ../../build/lemove/lemove.egg-info/top_level.txt
[1.024s] writing manifest file '../../build/lemove/lemove.egg-info/SOURCES.txt'
[1.027s] reading manifest file '../../build/lemove/lemove.egg-info/SOURCES.txt'
[1.028s] writing manifest file '../../build/lemove/lemove.egg-info/SOURCES.txt'
[1.028s] running build
[1.029s] running build_py
[1.029s] creating /home/leoni/cato/build/lemove/build
[1.029s] creating /home/leoni/cato/build/lemove/build/lib
[1.029s] creating /home/leoni/cato/build/lemove/build/lib/lemove
[1.029s] copying lemove/moer.py -> /home/leoni/cato/build/lemove/build/lib/lemove
[1.029s] copying lemove/__init__.py -> /home/leoni/cato/build/lemove/build/lib/lemove
[1.030s] running install
[1.030s] running install_lib
[1.033s] creating /home/leoni/cato/install/lemove/lib/python3.10/site-packages/lemove
[1.033s] copying /home/leoni/cato/build/lemove/build/lib/lemove/moer.py -> /home/leoni/cato/install/lemove/lib/python3.10/site-packages/lemove
[1.033s] copying /home/leoni/cato/build/lemove/build/lib/lemove/__init__.py -> /home/leoni/cato/install/lemove/lib/python3.10/site-packages/lemove
[1.033s] byte-compiling /home/leoni/cato/install/lemove/lib/python3.10/site-packages/lemove/moer.py to moer.cpython-310.pyc
[1.034s] byte-compiling /home/leoni/cato/install/lemove/lib/python3.10/site-packages/lemove/__init__.py to __init__.cpython-310.pyc
[1.034s] running install_data
[1.034s] creating /home/leoni/cato/install/lemove/share/ament_index
[1.034s] creating /home/leoni/cato/install/lemove/share/ament_index/resource_index
[1.035s] creating /home/leoni/cato/install/lemove/share/ament_index/resource_index/packages
[1.035s] copying resource/lemove -> /home/leoni/cato/install/lemove/share/ament_index/resource_index/packages
[1.035s] copying package.xml -> /home/leoni/cato/install/lemove/share/lemove
[1.035s] running install_egg_info
[1.042s] Copying ../../build/lemove/lemove.egg-info to /home/leoni/cato/install/lemove/lib/python3.10/site-packages/lemove-0.0.0-py3.10.egg-info
[1.042s] running install_scripts
[1.071s] Installing moer script to /home/leoni/cato/install/lemove/lib/lemove
[1.073s] writing list of installed files to '/home/leoni/cato/build/lemove/install.log'
[1.108s] Invoked command in '/home/leoni/cato/src/lemove' returned '0': PYTHONPATH=/home/leoni/cato/build/lemove/prefix_override:/usr/lib/python3/dist-packages/colcon_core/task/python/colcon_distutils_commands:/home/leoni/cato/install/lemove/lib/python3.10/site-packages:${PYTHONPATH} /usr/bin/python3 -W ignore:setup.py install is deprecated -W ignore:easy_install command is deprecated setup.py egg_info --egg-base ../../build/lemove build --build-base /home/leoni/cato/build/lemove/build install --record /home/leoni/cato/build/lemove/install.log --single-version-externally-managed install_data
